<?xml version="1.0" encoding="UTF-8"?>
<coverage generated="1675361215194" clover="3.2.0">
  <project timestamp="1675361215195" name="All files">
    <metrics statements="334" coveredstatements="320" conditionals="164" coveredconditionals="155" methods="104" coveredmethods="98" elements="602" coveredelements="573" complexity="0" loc="334" ncloc="334" packages="5" files="17" classes="17"/>
    <package name="src">
      <metrics statements="1" coveredstatements="1" conditionals="0" coveredconditionals="0" methods="1" coveredmethods="1"/>
      <file name="App.js" path="/home/mimi/trybe/projetos/sd-026-b-project-recipes-app/src/App.js">
        <metrics statements="1" coveredstatements="1" conditionals="0" coveredconditionals="0" methods="1" coveredmethods="1"/>
        <line num="19" count="48" type="stmt"/>
      </file>
    </package>
    <package name="src.components">
      <metrics statements="99" coveredstatements="90" conditionals="55" coveredconditionals="48" methods="25" coveredmethods="22"/>
      <file name="CardDoneRecipe.jsx" path="/home/mimi/trybe/projetos/sd-026-b-project-recipes-app/src/components/CardDoneRecipe.jsx">
        <metrics statements="30" coveredstatements="21" conditionals="23" coveredconditionals="16" methods="8" coveredmethods="5"/>
        <line num="11" count="14" type="stmt"/>
        <line num="12" count="14" type="stmt"/>
        <line num="13" count="14" type="stmt"/>
        <line num="18" count="14" type="stmt"/>
        <line num="20" count="14" type="stmt"/>
        <line num="21" count="14" type="stmt"/>
        <line num="23" count="14" type="stmt"/>
        <line num="24" count="7" type="cond" truecount="2" falsecount="1"/>
        <line num="26" count="5" type="stmt"/>
        <line num="27" count="5" type="stmt"/>
        <line num="29" count="2" type="stmt"/>
        <line num="30" count="2" type="stmt"/>
        <line num="32" count="0" type="stmt"/>
        <line num="36" count="14" type="stmt"/>
        <line num="37" count="7" type="stmt"/>
        <line num="38" count="7" type="cond" truecount="2" falsecount="2"/>
        <line num="39" count="0" type="stmt"/>
        <line num="40" count="0" type="stmt"/>
        <line num="42" count="7" type="cond" truecount="2" falsecount="2"/>
        <line num="43" count="0" type="stmt"/>
        <line num="44" count="0" type="stmt"/>
        <line num="48" count="14" type="stmt"/>
        <line num="49" count="0" type="stmt"/>
        <line num="50" count="0" type="stmt"/>
        <line num="51" count="0" type="stmt"/>
        <line num="52" count="0" type="stmt"/>
        <line num="55" count="14" type="stmt"/>
        <line num="61" count="4" type="stmt"/>
        <line num="101" count="6" type="stmt"/>
        <line num="151" count="10" type="stmt"/>
      </file>
      <file name="Categories.jsx" path="/home/mimi/trybe/projetos/sd-026-b-project-recipes-app/src/components/Categories.jsx">
        <metrics statements="31" coveredstatements="31" conditionals="8" coveredconditionals="8" methods="7" coveredmethods="7"/>
        <line num="8" count="29" type="stmt"/>
        <line num="9" count="26" type="stmt"/>
        <line num="10" count="26" type="stmt"/>
        <line num="11" count="26" type="stmt"/>
        <line num="13" count="26" type="stmt"/>
        <line num="14" count="25" type="cond" truecount="2" falsecount="0"/>
        <line num="16" count="7" type="stmt"/>
        <line num="18" count="18" type="stmt"/>
        <line num="22" count="26" type="stmt"/>
        <line num="23" count="2" type="stmt"/>
        <line num="25" count="2" type="cond" truecount="4" falsecount="0"/>
        <line num="26" count="1" type="stmt"/>
        <line num="27" count="1" type="stmt"/>
        <line num="29" count="1" type="stmt"/>
        <line num="31" count="2" type="stmt"/>
        <line num="32" count="2" type="stmt"/>
        <line num="33" count="2" type="stmt"/>
        <line num="34" count="2" type="stmt"/>
        <line num="37" count="26" type="stmt"/>
        <line num="38" count="23" type="stmt"/>
        <line num="39" count="23" type="stmt"/>
        <line num="40" count="16" type="stmt"/>
        <line num="41" count="16" type="cond" truecount="2" falsecount="0"/>
        <line num="42" count="14" type="stmt"/>
        <line num="43" count="14" type="stmt"/>
        <line num="44" count="14" type="stmt"/>
        <line num="45" count="14" type="stmt"/>
        <line num="47" count="23" type="stmt"/>
        <line num="50" count="26" type="stmt"/>
        <line num="59" count="28" type="stmt"/>
        <line num="64" count="2" type="stmt"/>
      </file>
      <file name="Footer.jsx" path="/home/mimi/trybe/projetos/sd-026-b-project-recipes-app/src/components/Footer.jsx">
        <metrics statements="5" coveredstatements="5" conditionals="2" coveredconditionals="2" methods="2" coveredmethods="2"/>
        <line num="10" count="133" type="stmt"/>
        <line num="11" count="132" type="stmt"/>
        <line num="13" count="132" type="stmt"/>
        <line num="14" count="100" type="stmt"/>
        <line num="17" count="132" type="stmt"/>
      </file>
      <file name="Header.jsx" path="/home/mimi/trybe/projetos/sd-026-b-project-recipes-app/src/components/Header.jsx">
        <metrics statements="7" coveredstatements="7" conditionals="8" coveredconditionals="8" methods="3" coveredmethods="3"/>
        <line num="10" count="234" type="stmt"/>
        <line num="11" count="232" type="stmt"/>
        <line num="12" count="232" type="stmt"/>
        <line num="14" count="232" type="stmt"/>
        <line num="15" count="152" type="stmt"/>
        <line num="18" count="232" type="stmt"/>
        <line num="38" count="8" type="stmt"/>
      </file>
      <file name="SearchBar.jsx" path="/home/mimi/trybe/projetos/sd-026-b-project-recipes-app/src/components/SearchBar.jsx">
        <metrics statements="26" coveredstatements="26" conditionals="14" coveredconditionals="14" methods="5" coveredmethods="5"/>
        <line num="8" count="18" type="stmt"/>
        <line num="9" count="18" type="stmt"/>
        <line num="10" count="18" type="stmt"/>
        <line num="11" count="18" type="stmt"/>
        <line num="12" count="18" type="stmt"/>
        <line num="14" count="18" type="stmt"/>
        <line num="15" count="6" type="stmt"/>
        <line num="18" count="18" type="stmt"/>
        <line num="19" count="5" type="cond" truecount="2" falsecount="0"/>
        <line num="21" count="2" type="stmt"/>
        <line num="23" count="3" type="stmt"/>
        <line num="27" count="18" type="stmt"/>
        <line num="28" count="6" type="cond" truecount="4" falsecount="0"/>
        <line num="29" count="1" type="stmt"/>
        <line num="30" count="1" type="stmt"/>
        <line num="33" count="5" type="stmt"/>
        <line num="34" count="5" type="cond" truecount="2" falsecount="0"/>
        <line num="35" count="5" type="stmt"/>
        <line num="37" count="5" type="cond" truecount="4" falsecount="0"/>
        <line num="38" count="3" type="stmt"/>
        <line num="39" count="2" type="cond" truecount="2" falsecount="0"/>
        <line num="40" count="1" type="stmt"/>
        <line num="43" count="5" type="stmt"/>
        <line num="45" count="5" type="stmt"/>
        <line num="56" count="18" type="stmt"/>
        <line num="62" count="1" type="stmt"/>
      </file>
    </package>
    <package name="src.context">
      <metrics statements="97" coveredstatements="92" conditionals="30" coveredconditionals="29" methods="31" coveredmethods="28"/>
      <file name="AppProvider.js" path="/home/mimi/trybe/projetos/sd-026-b-project-recipes-app/src/context/AppProvider.js">
        <metrics statements="18" coveredstatements="14" conditionals="0" coveredconditionals="0" methods="6" coveredmethods="4"/>
        <line num="7" count="83" type="stmt"/>
        <line num="8" count="83" type="stmt"/>
        <line num="10" count="83" type="stmt"/>
        <line num="11" count="83" type="stmt"/>
        <line num="12" count="83" type="stmt"/>
        <line num="14" count="83" type="stmt"/>
        <line num="15" count="2" type="stmt"/>
        <line num="18" count="83" type="stmt"/>
        <line num="19" count="6" type="stmt"/>
        <line num="22" count="83" type="stmt"/>
        <line num="23" count="0" type="stmt"/>
        <line num="24" count="0" type="stmt"/>
        <line num="25" count="0" type="stmt"/>
        <line num="26" count="0" type="stmt"/>
        <line num="29" count="83" type="stmt"/>
        <line num="53" count="83" type="stmt"/>
        <line num="60" count="10" type="stmt"/>
        <line num="64" count="10" type="stmt"/>
      </file>
      <file name="AuthProvider.js" path="/home/mimi/trybe/projetos/sd-026-b-project-recipes-app/src/context/AuthProvider.js">
        <metrics statements="14" coveredstatements="14" conditionals="2" coveredconditionals="2" methods="4" coveredmethods="4"/>
        <line num="5" count="48" type="stmt"/>
        <line num="7" count="48" type="stmt"/>
        <line num="8" count="72" type="stmt"/>
        <line num="9" count="72" type="stmt"/>
        <line num="11" count="72" type="stmt"/>
        <line num="12" count="72" type="stmt"/>
        <line num="13" count="72" type="cond" truecount="2" falsecount="0"/>
        <line num="16" count="48" type="stmt"/>
        <line num="17" count="1" type="stmt"/>
        <line num="18" count="1" type="stmt"/>
        <line num="21" count="48" type="stmt"/>
        <line num="27" count="48" type="stmt"/>
        <line num="32" count="10" type="stmt"/>
        <line num="36" count="10" type="stmt"/>
      </file>
      <file name="RecipesProvider.js" path="/home/mimi/trybe/projetos/sd-026-b-project-recipes-app/src/context/RecipesProvider.js">
        <metrics statements="65" coveredstatements="64" conditionals="28" coveredconditionals="27" methods="21" coveredmethods="20"/>
        <line num="4" count="10" type="stmt"/>
        <line num="6" count="10" type="stmt"/>
        <line num="7" count="10" type="stmt"/>
        <line num="10" count="133" type="stmt"/>
        <line num="12" count="133" type="stmt"/>
        <line num="13" count="133" type="stmt"/>
        <line num="14" count="133" type="stmt"/>
        <line num="15" count="133" type="stmt"/>
        <line num="16" count="133" type="stmt"/>
        <line num="17" count="133" type="stmt"/>
        <line num="18" count="133" type="stmt"/>
        <line num="19" count="133" type="stmt"/>
        <line num="21" count="133" type="stmt"/>
        <line num="22" count="22" type="stmt"/>
        <line num="23" count="22" type="stmt"/>
        <line num="26" count="133" type="stmt"/>
        <line num="27" count="82" type="stmt"/>
        <line num="28" count="1872" type="stmt"/>
        <line num="29" count="660" type="stmt"/>
        <line num="31" count="82" type="stmt"/>
        <line num="32" count="38" type="stmt"/>
        <line num="33" count="38" type="stmt"/>
        <line num="35" count="114" type="stmt"/>
        <line num="42" count="82" type="cond" truecount="2" falsecount="0"/>
        <line num="44" count="38" type="cond" truecount="2" falsecount="0"/>
        <line num="46" count="38" type="cond" truecount="2" falsecount="0"/>
        <line num="48" count="38" type="stmt"/>
        <line num="50" count="38" type="cond" truecount="2" falsecount="0"/>
        <line num="51" count="4" type="stmt"/>
        <line num="52" count="8" type="stmt"/>
        <line num="55" count="0" type="stmt"/>
        <line num="59" count="38" type="stmt"/>
        <line num="62" count="133" type="stmt"/>
        <line num="63" count="64" type="stmt"/>
        <line num="64" count="64" type="cond" truecount="2" falsecount="0"/>
        <line num="65" count="20" type="cond" truecount="2" falsecount="0"/>
        <line num="67" count="20" type="cond" truecount="2" falsecount="0"/>
        <line num="69" count="64" type="stmt"/>
        <line num="72" count="133" type="stmt"/>
        <line num="73" count="80" type="stmt"/>
        <line num="76" count="80" type="stmt"/>
        <line num="77" count="12" type="stmt"/>
        <line num="80" count="133" type="stmt"/>
        <line num="81" count="40" type="stmt"/>
        <line num="82" count="40" type="cond" truecount="2" falsecount="0"/>
        <line num="84" count="40" type="stmt"/>
        <line num="86" count="40" type="stmt"/>
        <line num="88" count="40" type="stmt"/>
        <line num="90" count="40" type="stmt"/>
        <line num="91" count="7" type="stmt"/>
        <line num="92" count="4" type="stmt"/>
        <line num="94" count="40" type="stmt"/>
        <line num="97" count="133" type="stmt"/>
        <line num="98" count="64" type="stmt"/>
        <line num="99" count="64" type="cond" truecount="2" falsecount="0"/>
        <line num="100" count="20" type="cond" truecount="2" falsecount="0"/>
        <line num="101" count="20" type="cond" truecount="2" falsecount="0"/>
        <line num="103" count="20" type="stmt"/>
        <line num="104" count="20" type="stmt"/>
        <line num="105" count="120" type="stmt"/>
        <line num="107" count="20" type="stmt"/>
        <line num="113" count="64" type="stmt"/>
        <line num="116" count="133" type="stmt"/>
        <line num="130" count="133" type="stmt"/>
        <line num="137" count="10" type="stmt"/>
      </file>
    </package>
    <package name="src.helper">
      <metrics statements="18" coveredstatements="18" conditionals="4" coveredconditionals="4" methods="2" coveredmethods="2"/>
      <file name="cleanDataAttributes.js" path="/home/mimi/trybe/projetos/sd-026-b-project-recipes-app/src/helper/cleanDataAttributes.js">
        <metrics statements="18" coveredstatements="18" conditionals="4" coveredconditionals="4" methods="2" coveredmethods="2"/>
        <line num="2" count="17" type="stmt"/>
        <line num="3" count="17" type="stmt"/>
        <line num="4" count="17" type="stmt"/>
        <line num="6" count="17" type="cond" truecount="2" falsecount="0"/>
        <line num="7" count="10" type="stmt"/>
        <line num="8" count="10" type="stmt"/>
        <line num="9" count="10" type="stmt"/>
        <line num="11" count="7" type="stmt"/>
        <line num="12" count="7" type="stmt"/>
        <line num="13" count="7" type="stmt"/>
        <line num="16" count="17" type="cond" truecount="2" falsecount="0"/>
        <line num="17" count="1" type="stmt"/>
        <line num="18" count="1" type="stmt"/>
        <line num="21" count="16" type="stmt"/>
        <line num="22" count="32" type="stmt"/>
        <line num="23" count="32" type="stmt"/>
        <line num="24" count="32" type="stmt"/>
        <line num="27" count="16" type="stmt"/>
      </file>
    </package>
    <package name="src.pages">
      <metrics statements="119" coveredstatements="119" conditionals="75" coveredconditionals="74" methods="45" coveredmethods="45"/>
      <file name="DoneRecipes.jsx" path="/home/mimi/trybe/projetos/sd-026-b-project-recipes-app/src/pages/DoneRecipes.jsx">
        <metrics statements="2" coveredstatements="2" conditionals="0" coveredconditionals="0" methods="1" coveredmethods="1"/>
        <line num="7" count="5" type="stmt"/>
        <line num="9" count="5" type="stmt"/>
      </file>
      <file name="FavoriteRecipes.jsx" path="/home/mimi/trybe/projetos/sd-026-b-project-recipes-app/src/pages/FavoriteRecipes.jsx">
        <metrics statements="2" coveredstatements="2" conditionals="0" coveredconditionals="0" methods="1" coveredmethods="1"/>
        <line num="7" count="2" type="stmt"/>
        <line num="9" count="2" type="stmt"/>
      </file>
      <file name="Login.jsx" path="/home/mimi/trybe/projetos/sd-026-b-project-recipes-app/src/pages/Login.jsx">
        <metrics statements="12" coveredstatements="12" conditionals="0" coveredconditionals="0" methods="4" coveredmethods="4"/>
        <line num="7" count="72" type="stmt"/>
        <line num="16" count="72" type="stmt"/>
        <line num="18" count="72" type="stmt"/>
        <line num="19" count="72" type="stmt"/>
        <line num="23" count="72" type="stmt"/>
        <line num="24" count="1" type="stmt"/>
        <line num="25" count="1" type="stmt"/>
        <line num="26" count="1" type="stmt"/>
        <line num="29" count="72" type="stmt"/>
        <line num="30" count="48" type="stmt"/>
        <line num="36" count="72" type="stmt"/>
        <line num="77" count="10" type="stmt"/>
      </file>
      <file name="Profile.jsx" path="/home/mimi/trybe/projetos/sd-026-b-project-recipes-app/src/pages/Profile.jsx">
        <metrics statements="10" coveredstatements="10" conditionals="2" coveredconditionals="2" methods="3" coveredmethods="3"/>
        <line num="7" count="9" type="stmt"/>
        <line num="9" count="9" type="stmt"/>
        <line num="10" count="5" type="cond" truecount="2" falsecount="0"/>
        <line num="11" count="4" type="stmt"/>
        <line num="12" count="4" type="stmt"/>
        <line num="15" count="9" type="stmt"/>
        <line num="16" count="1" type="stmt"/>
        <line num="17" count="1" type="stmt"/>
        <line num="20" count="9" type="stmt"/>
        <line num="61" count="10" type="stmt"/>
      </file>
      <file name="RecipeDetails.jsx" path="/home/mimi/trybe/projetos/sd-026-b-project-recipes-app/src/pages/RecipeDetails.jsx">
        <metrics statements="26" coveredstatements="26" conditionals="30" coveredconditionals="30" methods="11" coveredmethods="11"/>
        <line num="12" count="10" type="stmt"/>
        <line num="15" count="42" type="stmt"/>
        <line num="16" count="42" type="stmt"/>
        <line num="17" count="42" type="stmt"/>
        <line num="18" count="42" type="stmt"/>
        <line num="19" count="42" type="stmt"/>
        <line num="20" count="42" type="stmt"/>
        <line num="31" count="42" type="stmt"/>
        <line num="33" count="42" type="stmt"/>
        <line num="34" count="11" type="stmt"/>
        <line num="37" count="42" type="stmt"/>
        <line num="38" count="21" type="stmt"/>
        <line num="41" count="42" type="stmt"/>
        <line num="43" count="42" type="stmt"/>
        <line num="44" count="1" type="stmt"/>
        <line num="47" count="42" type="stmt"/>
        <line num="48" count="1" type="stmt"/>
        <line num="50" count="1" type="stmt"/>
        <line num="53" count="42" type="stmt"/>
        <line num="54" count="3" type="stmt"/>
        <line num="56" count="3" type="stmt"/>
        <line num="59" count="42" type="stmt"/>
        <line num="73" count="42" type="cond" truecount="3" falsecount="0"/>
        <line num="109" count="46" type="stmt"/>
        <line num="150" count="63" type="stmt"/>
        <line num="158" count="126" type="stmt"/>
      </file>
      <file name="RecipeInProgress.jsx" path="/home/mimi/trybe/projetos/sd-026-b-project-recipes-app/src/pages/RecipeInProgress.jsx">
        <metrics statements="46" coveredstatements="46" conditionals="39" coveredconditionals="38" methods="17" coveredmethods="17"/>
        <line num="14" count="87" type="stmt"/>
        <line num="15" count="87" type="stmt"/>
        <line num="16" count="87" type="stmt"/>
        <line num="17" count="87" type="stmt"/>
        <line num="18" count="87" type="stmt"/>
        <line num="19" count="87" type="stmt"/>
        <line num="20" count="87" type="stmt"/>
        <line num="30" count="87" type="stmt"/>
        <line num="32" count="87" type="stmt"/>
        <line num="34" count="87" type="stmt"/>
        <line num="35" count="11" type="stmt"/>
        <line num="38" count="87" type="stmt"/>
        <line num="39" count="19" type="stmt"/>
        <line num="42" count="87" type="stmt"/>
        <line num="52" count="2" type="stmt"/>
        <line num="54" count="2" type="stmt"/>
        <line num="67" count="87" type="stmt"/>
        <line num="68" count="2" type="cond" truecount="2" falsecount="0"/>
        <line num="69" count="2" type="stmt"/>
        <line num="70" count="2" type="stmt"/>
        <line num="71" count="2" type="stmt"/>
        <line num="74" count="87" type="stmt"/>
        <line num="75" count="1" type="stmt"/>
        <line num="76" count="1" type="stmt"/>
        <line num="78" count="1" type="stmt"/>
        <line num="81" count="87" type="stmt"/>
        <line num="82" count="3" type="stmt"/>
        <line num="84" count="3" type="stmt"/>
        <line num="87" count="87" type="stmt"/>
        <line num="88" count="11" type="cond" truecount="2" falsecount="0"/>
        <line num="90" count="11" type="cond" truecount="2" falsecount="0"/>
        <line num="91" count="11" type="stmt"/>
        <line num="92" count="73" type="stmt"/>
        <line num="93" count="42" type="stmt"/>
        <line num="95" count="11" type="stmt"/>
        <line num="98" count="87" type="stmt"/>
        <line num="99" count="73" type="cond" truecount="2" falsecount="0"/>
        <line num="106" count="11" type="stmt"/>
        <line num="108" count="11" type="stmt"/>
        <line num="111" count="87" type="stmt"/>
        <line num="112" count="119" type="stmt"/>
        <line num="114" count="39" type="stmt"/>
        <line num="117" count="87" type="stmt"/>
        <line num="130" count="87" type="cond" truecount="3" falsecount="0"/>
        <line num="172" count="227" type="stmt"/>
        <line num="188" count="11" type="stmt"/>
      </file>
      <file name="Recipes.jsx" path="/home/mimi/trybe/projetos/sd-026-b-project-recipes-app/src/pages/Recipes.jsx">
        <metrics statements="21" coveredstatements="21" conditionals="4" coveredconditionals="4" methods="8" coveredmethods="8"/>
        <line num="9" count="26" type="stmt"/>
        <line num="10" count="23" type="stmt"/>
        <line num="11" count="23" type="stmt"/>
        <line num="13" count="23" type="stmt"/>
        <line num="14" count="17" type="cond" truecount="2" falsecount="0"/>
        <line num="16" count="12" type="stmt"/>
        <line num="18" count="5" type="stmt"/>
        <line num="22" count="23" type="stmt"/>
        <line num="24" count="17" type="stmt"/>
        <line num="25" count="10" type="stmt"/>
        <line num="26" count="10" type="stmt"/>
        <line num="27" count="10" type="stmt"/>
        <line num="29" count="17" type="stmt"/>
        <line num="32" count="23" type="stmt"/>
        <line num="33" count="16" type="stmt"/>
        <line num="38" count="2" type="cond" truecount="2" falsecount="0"/>
        <line num="55" count="23" type="stmt"/>
        <line num="57" count="23" type="stmt"/>
        <line num="58" count="23" type="stmt"/>
        <line num="59" count="16" type="stmt"/>
        <line num="63" count="23" type="stmt"/>
      </file>
    </package>
  </project>
</coverage>
