{"/home/mimi/trybe/projetos/sd-026-b-project-recipes-app/src/App.js": {"path":"/home/mimi/trybe/projetos/sd-026-b-project-recipes-app/src/App.js","statementMap":{"0":{"start":{"line":19,"column":2},"end":{"line":40,"column":4}}},"fnMap":{"0":{"name":"App","decl":{"start":{"line":18,"column":9},"end":{"line":18,"column":12}},"loc":{"start":{"line":18,"column":15},"end":{"line":41,"column":1}},"line":18}},"branchMap":{},"s":{"0":48},"f":{"0":48},"b":{},"_coverageSchema":"1a1c01bbd47fc00a2c39e90264f33305004495a9","hash":"d0b27aa9af05f0c1b4b0ee7737fb563380e55948"}
,"/home/mimi/trybe/projetos/sd-026-b-project-recipes-app/src/components/CardDoneRecipe.jsx": {"path":"/home/mimi/trybe/projetos/sd-026-b-project-recipes-app/src/components/CardDoneRecipe.jsx","statementMap":{"0":{"start":{"line":11,"column":38},"end":{"line":11,"column":53}},"1":{"start":{"line":12,"column":32},"end":{"line":12,"column":43}},"2":{"start":{"line":13,"column":36},"end":{"line":13,"column":48}},"3":{"start":{"line":18,"column":6},"end":{"line":18,"column":28}},"4":{"start":{"line":20,"column":16},"end":{"line":20,"column":17}},"5":{"start":{"line":21,"column":21},"end":{"line":21,"column":25}},"6":{"start":{"line":23,"column":2},"end":{"line":34,"column":32}},"7":{"start":{"line":24,"column":4},"end":{"line":33,"column":5}},"8":{"start":{"line":26,"column":6},"end":{"line":26,"column":32}},"9":{"start":{"line":27,"column":6},"end":{"line":27,"column":12}},"10":{"start":{"line":29,"column":6},"end":{"line":29,"column":31}},"11":{"start":{"line":30,"column":6},"end":{"line":30,"column":12}},"12":{"start":{"line":32,"column":6},"end":{"line":32,"column":12}},"13":{"start":{"line":36,"column":2},"end":{"line":46,"column":28}},"14":{"start":{"line":37,"column":19},"end":{"line":37,"column":23}},"15":{"start":{"line":38,"column":4},"end":{"line":45,"column":5}},"16":{"start":{"line":39,"column":6},"end":{"line":41,"column":21}},"17":{"start":{"line":40,"column":8},"end":{"line":40,"column":37}},"18":{"start":{"line":40,"column":28},"end":{"line":40,"column":35}},"19":{"start":{"line":42,"column":11},"end":{"line":45,"column":5}},"20":{"start":{"line":43,"column":6},"end":{"line":43,"column":30}},"21":{"start":{"line":44,"column":6},"end":{"line":44,"column":27}},"22":{"start":{"line":48,"column":22},"end":{"line":53,"column":8}},"23":{"start":{"line":49,"column":17},"end":{"line":49,"column":55}},"24":{"start":{"line":50,"column":4},"end":{"line":50,"column":24}},"25":{"start":{"line":51,"column":4},"end":{"line":51,"column":24}},"26":{"start":{"line":52,"column":4},"end":{"line":52,"column":22}},"27":{"start":{"line":55,"column":2},"end":{"line":148,"column":4}},"28":{"start":{"line":61,"column":8},"end":{"line":144,"column":15}},"29":{"start":{"line":101,"column":16},"end":{"line":107,"column":32}},"30":{"start":{"line":151,"column":0},"end":{"line":153,"column":2}}},"fnMap":{"0":{"name":"CardDoneRecipe","decl":{"start":{"line":10,"column":24},"end":{"line":10,"column":38}},"loc":{"start":{"line":10,"column":49},"end":{"line":149,"column":1}},"line":10},"1":{"name":"(anonymous_1)","decl":{"start":{"line":23,"column":12},"end":{"line":23,"column":13}},"loc":{"start":{"line":23,"column":18},"end":{"line":34,"column":3}},"line":23},"2":{"name":"(anonymous_2)","decl":{"start":{"line":36,"column":12},"end":{"line":36,"column":13}},"loc":{"start":{"line":36,"column":18},"end":{"line":46,"column":3}},"line":36},"3":{"name":"(anonymous_3)","decl":{"start":{"line":39,"column":29},"end":{"line":39,"column":30}},"loc":{"start":{"line":39,"column":35},"end":{"line":41,"column":7}},"line":39},"4":{"name":"(anonymous_4)","decl":{"start":{"line":40,"column":19},"end":{"line":40,"column":20}},"loc":{"start":{"line":40,"column":28},"end":{"line":40,"column":35}},"line":40},"5":{"name":"(anonymous_5)","decl":{"start":{"line":48,"column":34},"end":{"line":48,"column":35}},"loc":{"start":{"line":48,"column":64},"end":{"line":53,"column":3}},"line":48},"6":{"name":"(anonymous_6)","decl":{"start":{"line":60,"column":35},"end":{"line":60,"column":36}},"loc":{"start":{"line":61,"column":8},"end":{"line":144,"column":15}},"line":61},"7":{"name":"(anonymous_7)","decl":{"start":{"line":100,"column":47},"end":{"line":100,"column":48}},"loc":{"start":{"line":101,"column":16},"end":{"line":107,"column":32}},"line":101}},"branchMap":{"0":{"loc":{"start":{"line":24,"column":4},"end":{"line":33,"column":5}},"type":"switch","locations":[{"start":{"line":25,"column":4},"end":{"line":27,"column":12}},{"start":{"line":28,"column":4},"end":{"line":30,"column":12}},{"start":{"line":31,"column":4},"end":{"line":32,"column":12}}],"line":24},"1":{"loc":{"start":{"line":38,"column":4},"end":{"line":45,"column":5}},"type":"if","locations":[{"start":{"line":38,"column":4},"end":{"line":45,"column":5}},{"start":{"line":42,"column":11},"end":{"line":45,"column":5}}],"line":38},"2":{"loc":{"start":{"line":38,"column":8},"end":{"line":38,"column":39}},"type":"binary-expr","locations":[{"start":{"line":38,"column":8},"end":{"line":38,"column":18}},{"start":{"line":38,"column":22},"end":{"line":38,"column":39}}],"line":38},"3":{"loc":{"start":{"line":42,"column":11},"end":{"line":45,"column":5}},"type":"if","locations":[{"start":{"line":42,"column":11},"end":{"line":45,"column":5}},{"start":{},"end":{}}],"line":42},"4":{"loc":{"start":{"line":42,"column":15},"end":{"line":42,"column":42}},"type":"binary-expr","locations":[{"start":{"line":42,"column":15},"end":{"line":42,"column":25}},{"start":{"line":42,"column":29},"end":{"line":42,"column":42}}],"line":42},"5":{"loc":{"start":{"line":60,"column":8},"end":{"line":145,"column":8}},"type":"binary-expr","locations":[{"start":{"line":60,"column":8},"end":{"line":60,"column":17}},{"start":{"line":60,"column":21},"end":{"line":145,"column":8}}],"line":60},"6":{"loc":{"start":{"line":85,"column":16},"end":{"line":85,"column":64}},"type":"binary-expr","locations":[{"start":{"line":85,"column":16},"end":{"line":85,"column":34}},{"start":{"line":85,"column":38},"end":{"line":85,"column":64}}],"line":85},"7":{"loc":{"start":{"line":86,"column":16},"end":{"line":86,"column":70}},"type":"binary-expr","locations":[{"start":{"line":86,"column":16},"end":{"line":86,"column":37}},{"start":{"line":86,"column":41},"end":{"line":86,"column":70}}],"line":86},"8":{"loc":{"start":{"line":100,"column":16},"end":{"line":108,"column":16}},"type":"binary-expr","locations":[{"start":{"line":100,"column":16},"end":{"line":100,"column":27}},{"start":{"line":100,"column":31},"end":{"line":108,"column":16}}],"line":100},"9":{"loc":{"start":{"line":115,"column":17},"end":{"line":125,"column":19}},"type":"cond-expr","locations":[{"start":{"line":116,"column":20},"end":{"line":116,"column":45}},{"start":{"line":118,"column":20},"end":{"line":124,"column":22}}],"line":115},"10":{"loc":{"start":{"line":127,"column":16},"end":{"line":140,"column":13}},"type":"binary-expr","locations":[{"start":{"line":127,"column":16},"end":{"line":127,"column":30}},{"start":{"line":129,"column":14},"end":{"line":139,"column":23}}],"line":127}},"s":{"0":14,"1":14,"2":14,"3":14,"4":14,"5":14,"6":14,"7":7,"8":5,"9":5,"10":2,"11":2,"12":0,"13":14,"14":7,"15":7,"16":0,"17":0,"18":0,"19":7,"20":0,"21":0,"22":14,"23":0,"24":0,"25":0,"26":0,"27":14,"28":4,"29":6,"30":10},"f":{"0":14,"1":7,"2":7,"3":0,"4":0,"5":0,"6":4,"7":6},"b":{"0":[5,2,0],"1":[0,7],"2":[7,0],"3":[0,7],"4":[7,0],"5":[14,10],"6":[4,2],"7":[4,2],"8":[4,4],"9":[0,4],"10":[4,0]},"_coverageSchema":"1a1c01bbd47fc00a2c39e90264f33305004495a9","hash":"6ec11f34ccb1948982944a4c920134c90b420d28"}
,"/home/mimi/trybe/projetos/sd-026-b-project-recipes-app/src/components/Categories.jsx": {"path":"/home/mimi/trybe/projetos/sd-026-b-project-recipes-app/src/components/Categories.jsx","statementMap":{"0":{"start":{"line":8,"column":56},"end":{"line":8,"column":78}},"1":{"start":{"line":9,"column":42},"end":{"line":9,"column":54}},"2":{"start":{"line":10,"column":19},"end":{"line":10,"column":32}},"3":{"start":{"line":11,"column":42},"end":{"line":11,"column":54}},"4":{"start":{"line":13,"column":19},"end":{"line":20,"column":25}},"5":{"start":{"line":14,"column":4},"end":{"line":19,"column":5}},"6":{"start":{"line":16,"column":6},"end":{"line":16,"column":24}},"7":{"start":{"line":18,"column":6},"end":{"line":18,"column":20}},"8":{"start":{"line":22,"column":25},"end":{"line":35,"column":34}},"9":{"start":{"line":23,"column":22},"end":{"line":23,"column":27}},"10":{"start":{"line":25,"column":4},"end":{"line":30,"column":5}},"11":{"start":{"line":26,"column":6},"end":{"line":26,"column":26}},"12":{"start":{"line":27,"column":6},"end":{"line":27,"column":53}},"13":{"start":{"line":29,"column":6},"end":{"line":29,"column":66}},"14":{"start":{"line":31,"column":17},"end":{"line":31,"column":51}},"15":{"start":{"line":32,"column":22},"end":{"line":32,"column":53}},"16":{"start":{"line":33,"column":4},"end":{"line":33,"column":35}},"17":{"start":{"line":34,"column":4},"end":{"line":34,"column":29}},"18":{"start":{"line":37,"column":2},"end":{"line":48,"column":44}},"19":{"start":{"line":38,"column":30},"end":{"line":46,"column":5}},"20":{"start":{"line":39,"column":25},"end":{"line":39,"column":58}},"21":{"start":{"line":40,"column":19},"end":{"line":40,"column":53}},"22":{"start":{"line":41,"column":6},"end":{"line":41,"column":36}},"23":{"start":{"line":41,"column":29},"end":{"line":41,"column":36}},"24":{"start":{"line":42,"column":19},"end":{"line":42,"column":20}},"25":{"start":{"line":43,"column":28},"end":{"line":43,"column":49}},"26":{"start":{"line":44,"column":6},"end":{"line":44,"column":57}},"27":{"start":{"line":45,"column":6},"end":{"line":45,"column":50}},"28":{"start":{"line":47,"column":4},"end":{"line":47,"column":24}},"29":{"start":{"line":50,"column":2},"end":{"line":75,"column":4}},"30":{"start":{"line":59,"column":12},"end":{"line":68,"column":21}},"31":{"start":{"line":64,"column":37},"end":{"line":64,"column":59}}},"fnMap":{"0":{"name":"Categories","decl":{"start":{"line":7,"column":24},"end":{"line":7,"column":34}},"loc":{"start":{"line":7,"column":37},"end":{"line":76,"column":1}},"line":7},"1":{"name":"(anonymous_1)","decl":{"start":{"line":13,"column":31},"end":{"line":13,"column":32}},"loc":{"start":{"line":13,"column":37},"end":{"line":20,"column":3}},"line":13},"2":{"name":"(anonymous_2)","decl":{"start":{"line":22,"column":37},"end":{"line":22,"column":38}},"loc":{"start":{"line":22,"column":70},"end":{"line":35,"column":3}},"line":22},"3":{"name":"(anonymous_3)","decl":{"start":{"line":37,"column":12},"end":{"line":37,"column":13}},"loc":{"start":{"line":37,"column":18},"end":{"line":48,"column":3}},"line":37},"4":{"name":"(anonymous_4)","decl":{"start":{"line":38,"column":30},"end":{"line":38,"column":31}},"loc":{"start":{"line":38,"column":42},"end":{"line":46,"column":5}},"line":38},"5":{"name":"(anonymous_5)","decl":{"start":{"line":58,"column":29},"end":{"line":58,"column":30}},"loc":{"start":{"line":59,"column":12},"end":{"line":68,"column":21}},"line":59},"6":{"name":"(anonymous_6)","decl":{"start":{"line":64,"column":24},"end":{"line":64,"column":25}},"loc":{"start":{"line":64,"column":35},"end":{"line":64,"column":61}},"line":64}},"branchMap":{"0":{"loc":{"start":{"line":14,"column":4},"end":{"line":19,"column":5}},"type":"switch","locations":[{"start":{"line":15,"column":4},"end":{"line":16,"column":24}},{"start":{"line":17,"column":4},"end":{"line":18,"column":20}}],"line":14},"1":{"loc":{"start":{"line":25,"column":4},"end":{"line":30,"column":5}},"type":"if","locations":[{"start":{"line":25,"column":4},"end":{"line":30,"column":5}},{"start":{"line":28,"column":11},"end":{"line":30,"column":5}}],"line":25},"2":{"loc":{"start":{"line":25,"column":8},"end":{"line":25,"column":65}},"type":"binary-expr","locations":[{"start":{"line":25,"column":8},"end":{"line":25,"column":29}},{"start":{"line":25,"column":33},"end":{"line":25,"column":65}}],"line":25},"3":{"loc":{"start":{"line":41,"column":6},"end":{"line":41,"column":36}},"type":"if","locations":[{"start":{"line":41,"column":6},"end":{"line":41,"column":36}},{"start":{},"end":{}}],"line":41}},"s":{"0":29,"1":26,"2":26,"3":26,"4":26,"5":25,"6":7,"7":18,"8":26,"9":2,"10":2,"11":1,"12":1,"13":1,"14":2,"15":2,"16":2,"17":2,"18":26,"19":23,"20":23,"21":16,"22":16,"23":2,"24":14,"25":14,"26":14,"27":14,"28":23,"29":26,"30":28,"31":2},"f":{"0":29,"1":25,"2":2,"3":23,"4":23,"5":28,"6":2},"b":{"0":[7,18],"1":[1,1],"2":[2,1],"3":[2,14]},"_coverageSchema":"1a1c01bbd47fc00a2c39e90264f33305004495a9","hash":"98ddd1881c67a0558939262423bfdb6a3963f301"}
,"/home/mimi/trybe/projetos/sd-026-b-project-recipes-app/src/components/Footer.jsx": {"path":"/home/mimi/trybe/projetos/sd-026-b-project-recipes-app/src/components/Footer.jsx","statementMap":{"0":{"start":{"line":10,"column":37},"end":{"line":10,"column":48}},"1":{"start":{"line":11,"column":19},"end":{"line":11,"column":32}},"2":{"start":{"line":13,"column":2},"end":{"line":15,"column":32}},"3":{"start":{"line":14,"column":4},"end":{"line":14,"column":28}},"4":{"start":{"line":17,"column":2},"end":{"line":48,"column":4}}},"fnMap":{"0":{"name":"Footer","decl":{"start":{"line":9,"column":24},"end":{"line":9,"column":30}},"loc":{"start":{"line":9,"column":33},"end":{"line":49,"column":1}},"line":9},"1":{"name":"(anonymous_1)","decl":{"start":{"line":13,"column":12},"end":{"line":13,"column":13}},"loc":{"start":{"line":13,"column":18},"end":{"line":15,"column":3}},"line":13}},"branchMap":{"0":{"loc":{"start":{"line":23,"column":7},"end":{"line":46,"column":7}},"type":"binary-expr","locations":[{"start":{"line":23,"column":7},"end":{"line":23,"column":14}},{"start":{"line":24,"column":8},"end":{"line":45,"column":14}}],"line":23}},"s":{"0":133,"1":132,"2":132,"3":100,"4":132},"f":{"0":133,"1":100},"b":{"0":[132,50]},"_coverageSchema":"1a1c01bbd47fc00a2c39e90264f33305004495a9","hash":"a976e3c1ccb645167a74fe72c61832767ef480d9"}
,"/home/mimi/trybe/projetos/sd-026-b-project-recipes-app/src/components/Header.jsx": {"path":"/home/mimi/trybe/projetos/sd-026-b-project-recipes-app/src/components/Header.jsx","statementMap":{"0":{"start":{"line":10,"column":42},"end":{"line":10,"column":57}},"1":{"start":{"line":11,"column":19},"end":{"line":11,"column":32}},"2":{"start":{"line":12,"column":63},"end":{"line":12,"column":74}},"3":{"start":{"line":14,"column":2},"end":{"line":16,"column":32}},"4":{"start":{"line":15,"column":4},"end":{"line":15,"column":28}},"5":{"start":{"line":18,"column":2},"end":{"line":70,"column":4}},"6":{"start":{"line":38,"column":36},"end":{"line":38,"column":67}}},"fnMap":{"0":{"name":"Header","decl":{"start":{"line":9,"column":9},"end":{"line":9,"column":15}},"loc":{"start":{"line":9,"column":18},"end":{"line":71,"column":1}},"line":9},"1":{"name":"(anonymous_1)","decl":{"start":{"line":14,"column":12},"end":{"line":14,"column":13}},"loc":{"start":{"line":14,"column":18},"end":{"line":16,"column":3}},"line":14},"2":{"name":"(anonymous_2)","decl":{"start":{"line":38,"column":28},"end":{"line":38,"column":29}},"loc":{"start":{"line":38,"column":34},"end":{"line":38,"column":69}},"line":38}},"branchMap":{"0":{"loc":{"start":{"line":20,"column":8},"end":{"line":54,"column":7}},"type":"binary-expr","locations":[{"start":{"line":20,"column":8},"end":{"line":20,"column":15}},{"start":{"line":22,"column":8},"end":{"line":53,"column":17}}],"line":20},"1":{"loc":{"start":{"line":35,"column":14},"end":{"line":51,"column":15}},"type":"binary-expr","locations":[{"start":{"line":35,"column":14},"end":{"line":35,"column":27}},{"start":{"line":37,"column":16},"end":{"line":50,"column":25}}],"line":35},"2":{"loc":{"start":{"line":65,"column":12},"end":{"line":65,"column":71}},"type":"binary-expr","locations":[{"start":{"line":65,"column":13},"end":{"line":65,"column":25}},{"start":{"line":65,"column":29},"end":{"line":65,"column":42}},{"start":{"line":65,"column":46},"end":{"line":65,"column":53}},{"start":{"line":65,"column":58},"end":{"line":65,"column":71}}],"line":65}},"s":{"0":234,"1":232,"2":232,"3":232,"4":152,"5":232,"6":8},"f":{"0":234,"1":152,"2":8},"b":{"0":[232,126],"1":[126,97],"2":[232,17,17,17]},"_coverageSchema":"1a1c01bbd47fc00a2c39e90264f33305004495a9","hash":"e06b39b7466e4febacd982adeaf6c3b877dc9e97"}
,"/home/mimi/trybe/projetos/sd-026-b-project-recipes-app/src/components/SearchBar.jsx": {"path":"/home/mimi/trybe/projetos/sd-026-b-project-recipes-app/src/components/SearchBar.jsx","statementMap":{"0":{"start":{"line":8,"column":40},"end":{"line":8,"column":62}},"1":{"start":{"line":9,"column":40},"end":{"line":9,"column":52}},"2":{"start":{"line":10,"column":19},"end":{"line":10,"column":32}},"3":{"start":{"line":11,"column":18},"end":{"line":11,"column":30}},"4":{"start":{"line":12,"column":39},"end":{"line":12,"column":61}},"5":{"start":{"line":14,"column":26},"end":{"line":16,"column":8}},"6":{"start":{"line":15,"column":4},"end":{"line":15,"column":26}},"7":{"start":{"line":18,"column":19},"end":{"line":25,"column":25}},"8":{"start":{"line":19,"column":4},"end":{"line":24,"column":5}},"9":{"start":{"line":21,"column":6},"end":{"line":21,"column":20}},"10":{"start":{"line":23,"column":6},"end":{"line":23,"column":24}},"11":{"start":{"line":27,"column":25},"end":{"line":54,"column":4}},"12":{"start":{"line":28,"column":4},"end":{"line":31,"column":5}},"13":{"start":{"line":29,"column":6},"end":{"line":29,"column":67}},"14":{"start":{"line":30,"column":6},"end":{"line":30,"column":13}},"15":{"start":{"line":33,"column":17},"end":{"line":33,"column":51}},"16":{"start":{"line":34,"column":19},"end":{"line":34,"column":58}},"17":{"start":{"line":35,"column":17},"end":{"line":35,"column":70}},"18":{"start":{"line":37,"column":4},"end":{"line":41,"column":5}},"19":{"start":{"line":38,"column":6},"end":{"line":38,"column":78}},"20":{"start":{"line":39,"column":11},"end":{"line":41,"column":5}},"21":{"start":{"line":40,"column":6},"end":{"line":40,"column":56}},"22":{"start":{"line":43,"column":22},"end":{"line":43,"column":53}},"23":{"start":{"line":45,"column":4},"end":{"line":45,"column":35}},"24":{"start":{"line":56,"column":2},"end":{"line":104,"column":4}},"25":{"start":{"line":62,"column":34},"end":{"line":62,"column":69}}},"fnMap":{"0":{"name":"SearchBar","decl":{"start":{"line":7,"column":9},"end":{"line":7,"column":18}},"loc":{"start":{"line":7,"column":21},"end":{"line":105,"column":1}},"line":7},"1":{"name":"(anonymous_1)","decl":{"start":{"line":14,"column":38},"end":{"line":14,"column":39}},"loc":{"start":{"line":14,"column":65},"end":{"line":16,"column":3}},"line":14},"2":{"name":"(anonymous_2)","decl":{"start":{"line":18,"column":31},"end":{"line":18,"column":32}},"loc":{"start":{"line":18,"column":37},"end":{"line":25,"column":3}},"line":18},"3":{"name":"(anonymous_3)","decl":{"start":{"line":27,"column":37},"end":{"line":27,"column":38}},"loc":{"start":{"line":27,"column":49},"end":{"line":46,"column":3}},"line":27},"4":{"name":"(anonymous_4)","decl":{"start":{"line":62,"column":21},"end":{"line":62,"column":22}},"loc":{"start":{"line":62,"column":32},"end":{"line":62,"column":71}},"line":62}},"branchMap":{"0":{"loc":{"start":{"line":19,"column":4},"end":{"line":24,"column":5}},"type":"switch","locations":[{"start":{"line":20,"column":4},"end":{"line":21,"column":20}},{"start":{"line":22,"column":4},"end":{"line":23,"column":24}}],"line":19},"1":{"loc":{"start":{"line":28,"column":4},"end":{"line":31,"column":5}},"type":"if","locations":[{"start":{"line":28,"column":4},"end":{"line":31,"column":5}},{"start":{},"end":{}}],"line":28},"2":{"loc":{"start":{"line":28,"column":8},"end":{"line":28,"column":64}},"type":"binary-expr","locations":[{"start":{"line":28,"column":8},"end":{"line":28,"column":30}},{"start":{"line":28,"column":34},"end":{"line":28,"column":64}}],"line":28},"3":{"loc":{"start":{"line":34,"column":19},"end":{"line":34,"column":58}},"type":"cond-expr","locations":[{"start":{"line":34,"column":38},"end":{"line":34,"column":46}},{"start":{"line":34,"column":49},"end":{"line":34,"column":58}}],"line":34},"4":{"loc":{"start":{"line":37,"column":4},"end":{"line":41,"column":5}},"type":"if","locations":[{"start":{"line":37,"column":4},"end":{"line":41,"column":5}},{"start":{"line":39,"column":11},"end":{"line":41,"column":5}}],"line":37},"5":{"loc":{"start":{"line":37,"column":8},"end":{"line":37,"column":54}},"type":"binary-expr","locations":[{"start":{"line":37,"column":8},"end":{"line":37,"column":27}},{"start":{"line":37,"column":31},"end":{"line":37,"column":54}}],"line":37},"6":{"loc":{"start":{"line":39,"column":11},"end":{"line":41,"column":5}},"type":"if","locations":[{"start":{"line":39,"column":11},"end":{"line":41,"column":5}},{"start":{},"end":{}}],"line":39}},"s":{"0":18,"1":18,"2":18,"3":18,"4":18,"5":18,"6":6,"7":18,"8":5,"9":2,"10":3,"11":18,"12":6,"13":1,"14":1,"15":5,"16":5,"17":5,"18":5,"19":3,"20":2,"21":1,"22":5,"23":5,"24":18,"25":1},"f":{"0":18,"1":6,"2":5,"3":6,"4":1},"b":{"0":[2,3],"1":[1,5],"2":[6,1],"3":[2,3],"4":[3,2],"5":[5,5],"6":[1,1]},"_coverageSchema":"1a1c01bbd47fc00a2c39e90264f33305004495a9","hash":"989017f81c6d2d739433f54005a6a3ecba974678"}
,"/home/mimi/trybe/projetos/sd-026-b-project-recipes-app/src/context/AppProvider.js": {"path":"/home/mimi/trybe/projetos/sd-026-b-project-recipes-app/src/context/AppProvider.js","statementMap":{"0":{"start":{"line":7,"column":38},"end":{"line":7,"column":50}},"1":{"start":{"line":8,"column":52},"end":{"line":8,"column":62}},"2":{"start":{"line":10,"column":28},"end":{"line":10,"column":46}},"3":{"start":{"line":11,"column":40},"end":{"line":11,"column":78}},"4":{"start":{"line":12,"column":38},"end":{"line":12,"column":75}},"5":{"start":{"line":14,"column":34},"end":{"line":16,"column":21}},"6":{"start":{"line":15,"column":4},"end":{"line":15,"column":48}},"7":{"start":{"line":18,"column":33},"end":{"line":20,"column":21}},"8":{"start":{"line":19,"column":4},"end":{"line":19,"column":46}},"9":{"start":{"line":22,"column":27},"end":{"line":27,"column":21}},"10":{"start":{"line":23,"column":25},"end":{"line":23,"column":65}},"11":{"start":{"line":24,"column":25},"end":{"line":24,"column":74}},"12":{"start":{"line":24,"column":57},"end":{"line":24,"column":73}},"13":{"start":{"line":25,"column":4},"end":{"line":25,"column":74}},"14":{"start":{"line":26,"column":4},"end":{"line":26,"column":47}},"15":{"start":{"line":29,"column":17},"end":{"line":51,"column":4}},"16":{"start":{"line":29,"column":32},"end":{"line":40,"column":3}},"17":{"start":{"line":53,"column":2},"end":{"line":57,"column":4}},"18":{"start":{"line":60,"column":0},"end":{"line":62,"column":2}},"19":{"start":{"line":64,"column":26},"end":{"line":64,"column":41}}},"fnMap":{"0":{"name":"AppProvider","decl":{"start":{"line":6,"column":24},"end":{"line":6,"column":35}},"loc":{"start":{"line":6,"column":50},"end":{"line":58,"column":1}},"line":6},"1":{"name":"(anonymous_1)","decl":{"start":{"line":14,"column":46},"end":{"line":14,"column":47}},"loc":{"start":{"line":14,"column":72},"end":{"line":16,"column":3}},"line":14},"2":{"name":"(anonymous_2)","decl":{"start":{"line":18,"column":45},"end":{"line":18,"column":46}},"loc":{"start":{"line":18,"column":71},"end":{"line":20,"column":3}},"line":18},"3":{"name":"(anonymous_3)","decl":{"start":{"line":22,"column":39},"end":{"line":22,"column":40}},"loc":{"start":{"line":22,"column":63},"end":{"line":27,"column":3}},"line":22},"4":{"name":"(anonymous_4)","decl":{"start":{"line":24,"column":45},"end":{"line":24,"column":46}},"loc":{"start":{"line":24,"column":57},"end":{"line":24,"column":73}},"line":24},"5":{"name":"(anonymous_5)","decl":{"start":{"line":29,"column":25},"end":{"line":29,"column":26}},"loc":{"start":{"line":29,"column":32},"end":{"line":40,"column":3}},"line":29}},"branchMap":{},"s":{"0":83,"1":83,"2":83,"3":83,"4":83,"5":83,"6":2,"7":83,"8":6,"9":83,"10":0,"11":0,"12":0,"13":0,"14":0,"15":83,"16":83,"17":83,"18":10,"19":10},"f":{"0":83,"1":2,"2":6,"3":0,"4":0,"5":83},"b":{},"_coverageSchema":"1a1c01bbd47fc00a2c39e90264f33305004495a9","hash":"ad03e1fe39fb1f7e77bf58bffda67c1c82f463b4"}
,"/home/mimi/trybe/projetos/sd-026-b-project-recipes-app/src/context/AuthProvider.js": {"path":"/home/mimi/trybe/projetos/sd-026-b-project-recipes-app/src/context/AuthProvider.js","statementMap":{"0":{"start":{"line":5,"column":40},"end":{"line":5,"column":54}},"1":{"start":{"line":7,"column":22},"end":{"line":14,"column":3}},"2":{"start":{"line":8,"column":23},"end":{"line":8,"column":24}},"3":{"start":{"line":9,"column":23},"end":{"line":9,"column":77}},"4":{"start":{"line":11,"column":23},"end":{"line":11,"column":45}},"5":{"start":{"line":12,"column":24},"end":{"line":12,"column":52}},"6":{"start":{"line":13,"column":4},"end":{"line":13,"column":49}},"7":{"start":{"line":16,"column":29},"end":{"line":19,"column":3}},"8":{"start":{"line":17,"column":22},"end":{"line":17,"column":47}},"9":{"start":{"line":18,"column":4},"end":{"line":18,"column":44}},"10":{"start":{"line":21,"column":16},"end":{"line":25,"column":20}},"11":{"start":{"line":21,"column":31},"end":{"line":25,"column":3}},"12":{"start":{"line":27,"column":2},"end":{"line":29,"column":4}},"13":{"start":{"line":32,"column":0},"end":{"line":34,"column":2}},"14":{"start":{"line":36,"column":27},"end":{"line":36,"column":42}}},"fnMap":{"0":{"name":"AuthProvider","decl":{"start":{"line":4,"column":24},"end":{"line":4,"column":36}},"loc":{"start":{"line":4,"column":51},"end":{"line":30,"column":1}},"line":4},"1":{"name":"(anonymous_1)","decl":{"start":{"line":7,"column":22},"end":{"line":7,"column":23}},"loc":{"start":{"line":7,"column":47},"end":{"line":14,"column":3}},"line":7},"2":{"name":"(anonymous_2)","decl":{"start":{"line":16,"column":29},"end":{"line":16,"column":30}},"loc":{"start":{"line":16,"column":40},"end":{"line":19,"column":3}},"line":16},"3":{"name":"(anonymous_3)","decl":{"start":{"line":21,"column":24},"end":{"line":21,"column":25}},"loc":{"start":{"line":21,"column":31},"end":{"line":25,"column":3}},"line":21}},"branchMap":{"0":{"loc":{"start":{"line":13,"column":21},"end":{"line":13,"column":46}},"type":"binary-expr","locations":[{"start":{"line":13,"column":21},"end":{"line":13,"column":31}},{"start":{"line":13,"column":35},"end":{"line":13,"column":46}}],"line":13}},"s":{"0":48,"1":48,"2":72,"3":72,"4":72,"5":72,"6":72,"7":48,"8":1,"9":1,"10":48,"11":46,"12":48,"13":10,"14":10},"f":{"0":48,"1":72,"2":1,"3":46},"b":{"0":[72,24]},"_coverageSchema":"1a1c01bbd47fc00a2c39e90264f33305004495a9","hash":"230b93cebbfc7aa79b11bd3b23e50e6c21569885"}
,"/home/mimi/trybe/projetos/sd-026-b-project-recipes-app/src/context/RecipesProvider.js": {"path":"/home/mimi/trybe/projetos/sd-026-b-project-recipes-app/src/context/RecipesProvider.js","statementMap":{"0":{"start":{"line":4,"column":30},"end":{"line":4,"column":45}},"1":{"start":{"line":6,"column":19},"end":{"line":6,"column":20}},"2":{"start":{"line":7,"column":20},"end":{"line":7,"column":21}},"3":{"start":{"line":10,"column":37},"end":{"line":10,"column":47}},"4":{"start":{"line":12,"column":40},"end":{"line":12,"column":52}},"5":{"start":{"line":13,"column":40},"end":{"line":13,"column":52}},"6":{"start":{"line":14,"column":30},"end":{"line":14,"column":44}},"7":{"start":{"line":15,"column":26},"end":{"line":15,"column":41}},"8":{"start":{"line":16,"column":38},"end":{"line":16,"column":53}},"9":{"start":{"line":17,"column":34},"end":{"line":17,"column":49}},"10":{"start":{"line":18,"column":26},"end":{"line":18,"column":38}},"11":{"start":{"line":19,"column":22},"end":{"line":19,"column":34}},"12":{"start":{"line":21,"column":22},"end":{"line":24,"column":8}},"13":{"start":{"line":22,"column":4},"end":{"line":22,"column":18}},"14":{"start":{"line":23,"column":4},"end":{"line":23,"column":22}},"15":{"start":{"line":26,"column":2},"end":{"line":60,"column":25}},"16":{"start":{"line":27,"column":32},"end":{"line":29,"column":34}},"17":{"start":{"line":27,"column":41},"end":{"line":29,"column":34}},"18":{"start":{"line":28,"column":25},"end":{"line":28,"column":47}},"19":{"start":{"line":29,"column":25},"end":{"line":29,"column":33}},"20":{"start":{"line":31,"column":29},"end":{"line":41,"column":5}},"21":{"start":{"line":32,"column":22},"end":{"line":32,"column":55}},"22":{"start":{"line":33,"column":25},"end":{"line":33,"column":61}},"23":{"start":{"line":35,"column":6},"end":{"line":40,"column":10}},"24":{"start":{"line":35,"column":46},"end":{"line":40,"column":7}},"25":{"start":{"line":42,"column":4},"end":{"line":42,"column":22}},"26":{"start":{"line":42,"column":15},"end":{"line":42,"column":22}},"27":{"start":{"line":44,"column":30},"end":{"line":45,"column":44}},"28":{"start":{"line":46,"column":4},"end":{"line":46,"column":63}},"29":{"start":{"line":46,"column":34},"end":{"line":46,"column":63}},"30":{"start":{"line":48,"column":25},"end":{"line":48,"column":43}},"31":{"start":{"line":50,"column":4},"end":{"line":57,"column":5}},"32":{"start":{"line":51,"column":6},"end":{"line":56,"column":12}},"33":{"start":{"line":52,"column":30},"end":{"line":56,"column":9}},"34":{"start":{"line":55,"column":28},"end":{"line":55,"column":58}},"35":{"start":{"line":59,"column":4},"end":{"line":59,"column":35}},"36":{"start":{"line":62,"column":2},"end":{"line":70,"column":17}},"37":{"start":{"line":63,"column":22},"end":{"line":68,"column":5}},"38":{"start":{"line":64,"column":6},"end":{"line":64,"column":24}},"39":{"start":{"line":64,"column":17},"end":{"line":64,"column":24}},"40":{"start":{"line":65,"column":19},"end":{"line":65,"column":81}},"41":{"start":{"line":67,"column":6},"end":{"line":67,"column":62}},"42":{"start":{"line":69,"column":4},"end":{"line":69,"column":16}},"43":{"start":{"line":72,"column":20},"end":{"line":78,"column":8}},"44":{"start":{"line":73,"column":21},"end":{"line":74,"column":47}},"45":{"start":{"line":76,"column":4},"end":{"line":77,"column":57}},"46":{"start":{"line":77,"column":34},"end":{"line":77,"column":55}},"47":{"start":{"line":80,"column":28},"end":{"line":95,"column":25}},"48":{"start":{"line":81,"column":32},"end":{"line":81,"column":41}},"49":{"start":{"line":82,"column":21},"end":{"line":82,"column":38}},"50":{"start":{"line":84,"column":4},"end":{"line":84,"column":48}},"51":{"start":{"line":86,"column":4},"end":{"line":86,"column":56}},"52":{"start":{"line":88,"column":30},"end":{"line":89,"column":63}},"53":{"start":{"line":90,"column":25},"end":{"line":92,"column":51}},"54":{"start":{"line":91,"column":22},"end":{"line":92,"column":50}},"55":{"start":{"line":92,"column":28},"end":{"line":92,"column":49}},"56":{"start":{"line":94,"column":4},"end":{"line":94,"column":32}},"57":{"start":{"line":97,"column":2},"end":{"line":114,"column":13}},"58":{"start":{"line":98,"column":34},"end":{"line":112,"column":5}},"59":{"start":{"line":99,"column":6},"end":{"line":99,"column":24}},"60":{"start":{"line":99,"column":17},"end":{"line":99,"column":24}},"61":{"start":{"line":100,"column":22},"end":{"line":100,"column":75}},"62":{"start":{"line":101,"column":18},"end":{"line":101,"column":56}},"63":{"start":{"line":103,"column":19},"end":{"line":103,"column":53}},"64":{"start":{"line":104,"column":25},"end":{"line":105,"column":53}},"65":{"start":{"line":105,"column":30},"end":{"line":105,"column":51}},"66":{"start":{"line":107,"column":6},"end":{"line":111,"column":9}},"67":{"start":{"line":113,"column":4},"end":{"line":113,"column":28}},"68":{"start":{"line":116,"column":16},"end":{"line":128,"column":60}},"69":{"start":{"line":116,"column":31},"end":{"line":127,"column":3}},"70":{"start":{"line":130,"column":2},"end":{"line":134,"column":4}},"71":{"start":{"line":137,"column":0},"end":{"line":137,"column":42}}},"fnMap":{"0":{"name":"RecipesProvider","decl":{"start":{"line":9,"column":9},"end":{"line":9,"column":24}},"loc":{"start":{"line":9,"column":39},"end":{"line":135,"column":1}},"line":9},"1":{"name":"(anonymous_1)","decl":{"start":{"line":21,"column":34},"end":{"line":21,"column":35}},"loc":{"start":{"line":21,"column":56},"end":{"line":24,"column":3}},"line":21},"2":{"name":"(anonymous_2)","decl":{"start":{"line":26,"column":12},"end":{"line":26,"column":13}},"loc":{"start":{"line":26,"column":18},"end":{"line":60,"column":3}},"line":26},"3":{"name":"(anonymous_3)","decl":{"start":{"line":27,"column":32},"end":{"line":27,"column":33}},"loc":{"start":{"line":27,"column":41},"end":{"line":29,"column":34}},"line":27},"4":{"name":"(anonymous_4)","decl":{"start":{"line":28,"column":14},"end":{"line":28,"column":15}},"loc":{"start":{"line":28,"column":25},"end":{"line":28,"column":47}},"line":28},"5":{"name":"(anonymous_5)","decl":{"start":{"line":29,"column":14},"end":{"line":29,"column":15}},"loc":{"start":{"line":29,"column":25},"end":{"line":29,"column":33}},"line":29},"6":{"name":"(anonymous_6)","decl":{"start":{"line":31,"column":29},"end":{"line":31,"column":30}},"loc":{"start":{"line":31,"column":35},"end":{"line":41,"column":5}},"line":31},"7":{"name":"(anonymous_7)","decl":{"start":{"line":35,"column":28},"end":{"line":35,"column":29}},"loc":{"start":{"line":35,"column":46},"end":{"line":40,"column":7}},"line":35},"8":{"name":"(anonymous_8)","decl":{"start":{"line":52,"column":13},"end":{"line":52,"column":14}},"loc":{"start":{"line":52,"column":30},"end":{"line":56,"column":9}},"line":52},"9":{"name":"(anonymous_9)","decl":{"start":{"line":55,"column":18},"end":{"line":55,"column":19}},"loc":{"start":{"line":55,"column":28},"end":{"line":55,"column":58}},"line":55},"10":{"name":"(anonymous_10)","decl":{"start":{"line":62,"column":12},"end":{"line":62,"column":13}},"loc":{"start":{"line":62,"column":18},"end":{"line":70,"column":3}},"line":62},"11":{"name":"(anonymous_11)","decl":{"start":{"line":63,"column":22},"end":{"line":63,"column":23}},"loc":{"start":{"line":63,"column":34},"end":{"line":68,"column":5}},"line":63},"12":{"name":"(anonymous_12)","decl":{"start":{"line":72,"column":32},"end":{"line":72,"column":33}},"loc":{"start":{"line":72,"column":51},"end":{"line":78,"column":3}},"line":72},"13":{"name":"(anonymous_13)","decl":{"start":{"line":77,"column":12},"end":{"line":77,"column":13}},"loc":{"start":{"line":77,"column":34},"end":{"line":77,"column":55}},"line":77},"14":{"name":"(anonymous_14)","decl":{"start":{"line":80,"column":40},"end":{"line":80,"column":41}},"loc":{"start":{"line":80,"column":46},"end":{"line":95,"column":3}},"line":80},"15":{"name":"(anonymous_15)","decl":{"start":{"line":91,"column":12},"end":{"line":91,"column":13}},"loc":{"start":{"line":91,"column":22},"end":{"line":92,"column":50}},"line":91},"16":{"name":"(anonymous_16)","decl":{"start":{"line":92,"column":14},"end":{"line":92,"column":15}},"loc":{"start":{"line":92,"column":28},"end":{"line":92,"column":49}},"line":92},"17":{"name":"(anonymous_17)","decl":{"start":{"line":97,"column":12},"end":{"line":97,"column":13}},"loc":{"start":{"line":97,"column":18},"end":{"line":114,"column":3}},"line":97},"18":{"name":"(anonymous_18)","decl":{"start":{"line":98,"column":34},"end":{"line":98,"column":35}},"loc":{"start":{"line":98,"column":46},"end":{"line":112,"column":5}},"line":98},"19":{"name":"(anonymous_19)","decl":{"start":{"line":105,"column":13},"end":{"line":105,"column":14}},"loc":{"start":{"line":105,"column":30},"end":{"line":105,"column":51}},"line":105},"20":{"name":"(anonymous_20)","decl":{"start":{"line":116,"column":24},"end":{"line":116,"column":25}},"loc":{"start":{"line":116,"column":31},"end":{"line":127,"column":3}},"line":116}},"branchMap":{"0":{"loc":{"start":{"line":37,"column":17},"end":{"line":37,"column":70}},"type":"cond-expr","locations":[{"start":{"line":37,"column":48},"end":{"line":37,"column":50}},{"start":{"line":37,"column":53},"end":{"line":37,"column":70}}],"line":37},"1":{"loc":{"start":{"line":42,"column":4},"end":{"line":42,"column":22}},"type":"if","locations":[{"start":{"line":42,"column":4},"end":{"line":42,"column":22}},{"start":{},"end":{}}],"line":42},"2":{"loc":{"start":{"line":44,"column":41},"end":{"line":45,"column":43}},"type":"binary-expr","locations":[{"start":{"line":44,"column":41},"end":{"line":45,"column":35}},{"start":{"line":45,"column":39},"end":{"line":45,"column":43}}],"line":44},"3":{"loc":{"start":{"line":46,"column":4},"end":{"line":46,"column":63}},"type":"if","locations":[{"start":{"line":46,"column":4},"end":{"line":46,"column":63}},{"start":{},"end":{}}],"line":46},"4":{"loc":{"start":{"line":50,"column":4},"end":{"line":57,"column":5}},"type":"if","locations":[{"start":{"line":50,"column":4},"end":{"line":57,"column":5}},{"start":{},"end":{}}],"line":50},"5":{"loc":{"start":{"line":64,"column":6},"end":{"line":64,"column":24}},"type":"if","locations":[{"start":{"line":64,"column":6},"end":{"line":64,"column":24}},{"start":{},"end":{}}],"line":64},"6":{"loc":{"start":{"line":65,"column":37},"end":{"line":65,"column":76}},"type":"cond-expr","locations":[{"start":{"line":65,"column":57},"end":{"line":65,"column":67}},{"start":{"line":65,"column":70},"end":{"line":65,"column":76}}],"line":65},"7":{"loc":{"start":{"line":67,"column":21},"end":{"line":67,"column":59}},"type":"cond-expr","locations":[{"start":{"line":67,"column":41},"end":{"line":67,"column":49}},{"start":{"line":67,"column":52},"end":{"line":67,"column":59}}],"line":67},"8":{"loc":{"start":{"line":74,"column":13},"end":{"line":74,"column":46}},"type":"binary-expr","locations":[{"start":{"line":74,"column":13},"end":{"line":74,"column":38}},{"start":{"line":74,"column":42},"end":{"line":74,"column":46}}],"line":74},"9":{"loc":{"start":{"line":82,"column":21},"end":{"line":82,"column":38}},"type":"binary-expr","locations":[{"start":{"line":82,"column":21},"end":{"line":82,"column":28}},{"start":{"line":82,"column":32},"end":{"line":82,"column":38}}],"line":82},"10":{"loc":{"start":{"line":89,"column":13},"end":{"line":89,"column":62}},"type":"binary-expr","locations":[{"start":{"line":89,"column":13},"end":{"line":89,"column":54}},{"start":{"line":89,"column":58},"end":{"line":89,"column":62}}],"line":89},"11":{"loc":{"start":{"line":99,"column":6},"end":{"line":99,"column":24}},"type":"if","locations":[{"start":{"line":99,"column":6},"end":{"line":99,"column":24}},{"start":{},"end":{}}],"line":99},"12":{"loc":{"start":{"line":100,"column":23},"end":{"line":100,"column":62}},"type":"cond-expr","locations":[{"start":{"line":100,"column":43},"end":{"line":100,"column":49}},{"start":{"line":100,"column":52},"end":{"line":100,"column":62}}],"line":100},"13":{"loc":{"start":{"line":101,"column":18},"end":{"line":101,"column":56}},"type":"cond-expr","locations":[{"start":{"line":101,"column":38},"end":{"line":101,"column":45}},{"start":{"line":101,"column":48},"end":{"line":101,"column":56}}],"line":101}},"s":{"0":10,"1":10,"2":10,"3":133,"4":133,"5":133,"6":133,"7":133,"8":133,"9":133,"10":133,"11":133,"12":133,"13":22,"14":22,"15":133,"16":82,"17":76,"18":1872,"19":660,"20":82,"21":38,"22":38,"23":38,"24":114,"25":82,"26":44,"27":38,"28":38,"29":32,"30":38,"31":38,"32":4,"33":8,"34":0,"35":38,"36":133,"37":64,"38":64,"39":44,"40":20,"41":20,"42":64,"43":133,"44":80,"45":80,"46":12,"47":133,"48":40,"49":40,"50":40,"51":40,"52":40,"53":40,"54":7,"55":4,"56":40,"57":133,"58":64,"59":64,"60":44,"61":20,"62":20,"63":20,"64":20,"65":120,"66":20,"67":64,"68":133,"69":113,"70":133,"71":10},"f":{"0":133,"1":22,"2":82,"3":76,"4":1872,"5":660,"6":38,"7":114,"8":8,"9":0,"10":64,"11":64,"12":80,"13":12,"14":40,"15":7,"16":4,"17":64,"18":64,"19":120,"20":113},"b":{"0":[0,114],"1":[44,38],"2":[38,32],"3":[32,6],"4":[4,34],"5":[44,20],"6":[7,13],"7":[7,13],"8":[80,66],"9":[40,34],"10":[40,33],"11":[44,20],"12":[7,13],"13":[7,13]},"_coverageSchema":"1a1c01bbd47fc00a2c39e90264f33305004495a9","hash":"2bf460c5fd2ea0c8912452b799f1aaccca7930ac"}
,"/home/mimi/trybe/projetos/sd-026-b-project-recipes-app/src/helper/cleanDataAttributes.js": {"path":"/home/mimi/trybe/projetos/sd-026-b-project-recipes-app/src/helper/cleanDataAttributes.js","statementMap":{"0":{"start":{"line":2,"column":15},"end":{"line":2,"column":17}},"1":{"start":{"line":3,"column":16},"end":{"line":3,"column":18}},"2":{"start":{"line":4,"column":14},"end":{"line":4,"column":16}},"3":{"start":{"line":6,"column":2},"end":{"line":14,"column":3}},"4":{"start":{"line":7,"column":4},"end":{"line":7,"column":22}},"5":{"start":{"line":8,"column":4},"end":{"line":8,"column":24}},"6":{"start":{"line":9,"column":4},"end":{"line":9,"column":27}},"7":{"start":{"line":11,"column":4},"end":{"line":11,"column":23}},"8":{"start":{"line":12,"column":4},"end":{"line":12,"column":25}},"9":{"start":{"line":13,"column":4},"end":{"line":13,"column":28}},"10":{"start":{"line":16,"column":2},"end":{"line":19,"column":3}},"11":{"start":{"line":17,"column":4},"end":{"line":17,"column":20}},"12":{"start":{"line":18,"column":4},"end":{"line":18,"column":16}},"13":{"start":{"line":21,"column":2},"end":{"line":25,"column":5}},"14":{"start":{"line":22,"column":4},"end":{"line":22,"column":31}},"15":{"start":{"line":23,"column":4},"end":{"line":23,"column":33}},"16":{"start":{"line":24,"column":4},"end":{"line":24,"column":33}},"17":{"start":{"line":27,"column":2},"end":{"line":27,"column":14}}},"fnMap":{"0":{"name":"cleanDataAttributes","decl":{"start":{"line":1,"column":24},"end":{"line":1,"column":43}},"loc":{"start":{"line":1,"column":56},"end":{"line":28,"column":1}},"line":1},"1":{"name":"(anonymous_1)","decl":{"start":{"line":21,"column":21},"end":{"line":21,"column":22}},"loc":{"start":{"line":21,"column":33},"end":{"line":25,"column":3}},"line":21}},"branchMap":{"0":{"loc":{"start":{"line":6,"column":2},"end":{"line":14,"column":3}},"type":"if","locations":[{"start":{"line":6,"column":2},"end":{"line":14,"column":3}},{"start":{"line":10,"column":9},"end":{"line":14,"column":3}}],"line":6},"1":{"loc":{"start":{"line":16,"column":2},"end":{"line":19,"column":3}},"type":"if","locations":[{"start":{"line":16,"column":2},"end":{"line":19,"column":3}},{"start":{},"end":{}}],"line":16}},"s":{"0":17,"1":17,"2":17,"3":17,"4":10,"5":10,"6":10,"7":7,"8":7,"9":7,"10":17,"11":1,"12":1,"13":16,"14":32,"15":32,"16":32,"17":16},"f":{"0":17,"1":32},"b":{"0":[10,7],"1":[1,16]},"_coverageSchema":"1a1c01bbd47fc00a2c39e90264f33305004495a9","hash":"8b41294f9d9e9d67640c6004484312e74bce9c1f"}
,"/home/mimi/trybe/projetos/sd-026-b-project-recipes-app/src/pages/DoneRecipes.jsx": {"path":"/home/mimi/trybe/projetos/sd-026-b-project-recipes-app/src/pages/DoneRecipes.jsx","statementMap":{"0":{"start":{"line":7,"column":38},"end":{"line":7,"column":60}},"1":{"start":{"line":9,"column":2},"end":{"line":44,"column":4}}},"fnMap":{"0":{"name":"DoneRecipes","decl":{"start":{"line":6,"column":9},"end":{"line":6,"column":20}},"loc":{"start":{"line":6,"column":23},"end":{"line":45,"column":1}},"line":6}},"branchMap":{},"s":{"0":5,"1":5},"f":{"0":5},"b":{},"_coverageSchema":"1a1c01bbd47fc00a2c39e90264f33305004495a9","hash":"61051417f4bb75406dc52a1672ec997b274f46b7"}
,"/home/mimi/trybe/projetos/sd-026-b-project-recipes-app/src/pages/FavoriteRecipes.jsx": {"path":"/home/mimi/trybe/projetos/sd-026-b-project-recipes-app/src/pages/FavoriteRecipes.jsx","statementMap":{"0":{"start":{"line":7,"column":37},"end":{"line":7,"column":59}},"1":{"start":{"line":9,"column":2},"end":{"line":44,"column":4}}},"fnMap":{"0":{"name":"FavoriteRecipes","decl":{"start":{"line":6,"column":9},"end":{"line":6,"column":24}},"loc":{"start":{"line":6,"column":27},"end":{"line":45,"column":1}},"line":6}},"branchMap":{},"s":{"0":2,"1":2},"f":{"0":2},"b":{},"_coverageSchema":"1a1c01bbd47fc00a2c39e90264f33305004495a9","hash":"2f575eace742c0dcaef881f1a5f712d238e606e7"}
,"/home/mimi/trybe/projetos/sd-026-b-project-recipes-app/src/pages/Login.jsx": {"path":"/home/mimi/trybe/projetos/sd-026-b-project-recipes-app/src/pages/Login.jsx","statementMap":{"0":{"start":{"line":7,"column":36},"end":{"line":10,"column":4}},"1":{"start":{"line":16,"column":6},"end":{"line":16,"column":29}},"2":{"start":{"line":18,"column":2},"end":{"line":20,"column":31}},"3":{"start":{"line":19,"column":4},"end":{"line":19,"column":27}},"4":{"start":{"line":23,"column":23},"end":{"line":27,"column":52}},"5":{"start":{"line":24,"column":4},"end":{"line":24,"column":23}},"6":{"start":{"line":25,"column":4},"end":{"line":25,"column":40}},"7":{"start":{"line":26,"column":4},"end":{"line":26,"column":27}},"8":{"start":{"line":29,"column":23},"end":{"line":34,"column":17}},"9":{"start":{"line":30,"column":4},"end":{"line":33,"column":7}},"10":{"start":{"line":36,"column":2},"end":{"line":74,"column":4}},"11":{"start":{"line":77,"column":0},"end":{"line":79,"column":2}}},"fnMap":{"0":{"name":"Login","decl":{"start":{"line":6,"column":9},"end":{"line":6,"column":14}},"loc":{"start":{"line":6,"column":28},"end":{"line":75,"column":1}},"line":6},"1":{"name":"(anonymous_1)","decl":{"start":{"line":18,"column":12},"end":{"line":18,"column":13}},"loc":{"start":{"line":18,"column":18},"end":{"line":20,"column":3}},"line":18},"2":{"name":"(anonymous_2)","decl":{"start":{"line":23,"column":35},"end":{"line":23,"column":36}},"loc":{"start":{"line":23,"column":42},"end":{"line":27,"column":3}},"line":23},"3":{"name":"(anonymous_3)","decl":{"start":{"line":29,"column":35},"end":{"line":29,"column":36}},"loc":{"start":{"line":29,"column":68},"end":{"line":34,"column":3}},"line":29}},"branchMap":{},"s":{"0":72,"1":72,"2":72,"3":72,"4":72,"5":1,"6":1,"7":1,"8":72,"9":48,"10":72,"11":10},"f":{"0":72,"1":72,"2":1,"3":48},"b":{},"_coverageSchema":"1a1c01bbd47fc00a2c39e90264f33305004495a9","hash":"3ec1febff22e51335525414bb1a97b649736bcab"}
,"/home/mimi/trybe/projetos/sd-026-b-project-recipes-app/src/pages/Profile.jsx": {"path":"/home/mimi/trybe/projetos/sd-026-b-project-recipes-app/src/pages/Profile.jsx","statementMap":{"0":{"start":{"line":7,"column":28},"end":{"line":7,"column":40}},"1":{"start":{"line":9,"column":2},"end":{"line":13,"column":9}},"2":{"start":{"line":10,"column":4},"end":{"line":10,"column":35}},"3":{"start":{"line":10,"column":28},"end":{"line":10,"column":35}},"4":{"start":{"line":11,"column":25},"end":{"line":11,"column":60}},"5":{"start":{"line":12,"column":4},"end":{"line":12,"column":27}},"6":{"start":{"line":15,"column":23},"end":{"line":18,"column":15}},"7":{"start":{"line":16,"column":4},"end":{"line":16,"column":25}},"8":{"start":{"line":17,"column":4},"end":{"line":17,"column":22}},"9":{"start":{"line":20,"column":2},"end":{"line":58,"column":4}},"10":{"start":{"line":61,"column":0},"end":{"line":63,"column":2}}},"fnMap":{"0":{"name":"Profile","decl":{"start":{"line":6,"column":9},"end":{"line":6,"column":16}},"loc":{"start":{"line":6,"column":30},"end":{"line":59,"column":1}},"line":6},"1":{"name":"(anonymous_1)","decl":{"start":{"line":9,"column":12},"end":{"line":9,"column":13}},"loc":{"start":{"line":9,"column":18},"end":{"line":13,"column":3}},"line":9},"2":{"name":"(anonymous_2)","decl":{"start":{"line":15,"column":35},"end":{"line":15,"column":36}},"loc":{"start":{"line":15,"column":41},"end":{"line":18,"column":3}},"line":15}},"branchMap":{"0":{"loc":{"start":{"line":10,"column":4},"end":{"line":10,"column":35}},"type":"if","locations":[{"start":{"line":10,"column":4},"end":{"line":10,"column":35}},{"start":{},"end":{}}],"line":10}},"s":{"0":9,"1":9,"2":5,"3":1,"4":4,"5":4,"6":9,"7":1,"8":1,"9":9,"10":10},"f":{"0":9,"1":5,"2":1},"b":{"0":[1,4]},"_coverageSchema":"1a1c01bbd47fc00a2c39e90264f33305004495a9","hash":"ff4ddc7556477a9e35754435a2130d35da48b877"}
,"/home/mimi/trybe/projetos/sd-026-b-project-recipes-app/src/pages/RecipeDetails.jsx": {"path":"/home/mimi/trybe/projetos/sd-026-b-project-recipes-app/src/pages/RecipeDetails.jsx","statementMap":{"0":{"start":{"line":12,"column":26},"end":{"line":12,"column":28}},"1":{"start":{"line":15,"column":18},"end":{"line":15,"column":30}},"2":{"start":{"line":16,"column":19},"end":{"line":16,"column":32}},"3":{"start":{"line":17,"column":13},"end":{"line":17,"column":44}},"4":{"start":{"line":18,"column":15},"end":{"line":18,"column":46}},"5":{"start":{"line":19,"column":30},"end":{"line":19,"column":45}},"6":{"start":{"line":20,"column":29},"end":{"line":20,"column":42}},"7":{"start":{"line":31,"column":6},"end":{"line":31,"column":32}},"8":{"start":{"line":33,"column":2},"end":{"line":35,"column":17}},"9":{"start":{"line":34,"column":4},"end":{"line":34,"column":26}},"10":{"start":{"line":37,"column":2},"end":{"line":39,"column":15}},"11":{"start":{"line":38,"column":4},"end":{"line":38,"column":24}},"12":{"start":{"line":41,"column":24},"end":{"line":41,"column":96}},"13":{"start":{"line":41,"column":33},"end":{"line":41,"column":96}},"14":{"start":{"line":43,"column":22},"end":{"line":45,"column":25}},"15":{"start":{"line":44,"column":4},"end":{"line":44,"column":53}},"16":{"start":{"line":47,"column":22},"end":{"line":51,"column":16}},"17":{"start":{"line":48,"column":4},"end":{"line":48,"column":54}},"18":{"start":{"line":50,"column":4},"end":{"line":50,"column":20}},"19":{"start":{"line":53,"column":25},"end":{"line":57,"column":40}},"20":{"start":{"line":54,"column":4},"end":{"line":54,"column":27}},"21":{"start":{"line":56,"column":4},"end":{"line":56,"column":30}},"22":{"start":{"line":59,"column":2},"end":{"line":197,"column":4}},"23":{"start":{"line":73,"column":8},"end":{"line":194,"column":9}},"24":{"start":{"line":109,"column":18},"end":{"line":115,"column":35}},"25":{"start":{"line":150,"column":18},"end":{"line":175,"column":34}},"26":{"start":{"line":158,"column":22},"end":{"line":173,"column":28}}},"fnMap":{"0":{"name":"RecipeDetails","decl":{"start":{"line":14,"column":9},"end":{"line":14,"column":22}},"loc":{"start":{"line":14,"column":25},"end":{"line":198,"column":1}},"line":14},"1":{"name":"(anonymous_1)","decl":{"start":{"line":33,"column":12},"end":{"line":33,"column":13}},"loc":{"start":{"line":33,"column":18},"end":{"line":35,"column":3}},"line":33},"2":{"name":"(anonymous_2)","decl":{"start":{"line":37,"column":12},"end":{"line":37,"column":13}},"loc":{"start":{"line":37,"column":18},"end":{"line":39,"column":3}},"line":37},"3":{"name":"(anonymous_3)","decl":{"start":{"line":41,"column":24},"end":{"line":41,"column":25}},"loc":{"start":{"line":41,"column":33},"end":{"line":41,"column":96}},"line":41},"4":{"name":"(anonymous_4)","decl":{"start":{"line":43,"column":34},"end":{"line":43,"column":35}},"loc":{"start":{"line":43,"column":40},"end":{"line":45,"column":3}},"line":43},"5":{"name":"(anonymous_5)","decl":{"start":{"line":47,"column":34},"end":{"line":47,"column":35}},"loc":{"start":{"line":47,"column":40},"end":{"line":51,"column":3}},"line":47},"6":{"name":"(anonymous_6)","decl":{"start":{"line":53,"column":37},"end":{"line":53,"column":38}},"loc":{"start":{"line":53,"column":43},"end":{"line":57,"column":3}},"line":53},"7":{"name":"(anonymous_7)","decl":{"start":{"line":61,"column":19},"end":{"line":61,"column":20}},"loc":{"start":{"line":73,"column":8},"end":{"line":194,"column":9}},"line":73},"8":{"name":"(anonymous_8)","decl":{"start":{"line":108,"column":34},"end":{"line":108,"column":35}},"loc":{"start":{"line":109,"column":18},"end":{"line":115,"column":35}},"line":109},"9":{"name":"(anonymous_9)","decl":{"start":{"line":149,"column":34},"end":{"line":149,"column":35}},"loc":{"start":{"line":150,"column":18},"end":{"line":175,"column":34}},"line":150},"10":{"name":"(anonymous_10)","decl":{"start":{"line":151,"column":34},"end":{"line":151,"column":35}},"loc":{"start":{"line":158,"column":22},"end":{"line":173,"column":28}},"line":158}},"branchMap":{"0":{"loc":{"start":{"line":66,"column":8},"end":{"line":66,"column":25}},"type":"default-arg","locations":[{"start":{"line":66,"column":23},"end":{"line":66,"column":25}}],"line":66},"1":{"loc":{"start":{"line":67,"column":8},"end":{"line":67,"column":28}},"type":"default-arg","locations":[{"start":{"line":67,"column":26},"end":{"line":67,"column":28}}],"line":67},"2":{"loc":{"start":{"line":68,"column":8},"end":{"line":68,"column":23}},"type":"default-arg","locations":[{"start":{"line":68,"column":21},"end":{"line":68,"column":23}}],"line":68},"3":{"loc":{"start":{"line":73,"column":8},"end":{"line":194,"column":9}},"type":"binary-expr","locations":[{"start":{"line":73,"column":9},"end":{"line":73,"column":15}},{"start":{"line":73,"column":19},"end":{"line":73,"column":26}},{"start":{"line":74,"column":10},"end":{"line":193,"column":22}}],"line":73},"4":{"loc":{"start":{"line":74,"column":30},"end":{"line":74,"column":47}},"type":"binary-expr","locations":[{"start":{"line":74,"column":30},"end":{"line":74,"column":36}},{"start":{"line":74,"column":40},"end":{"line":74,"column":47}}],"line":74},"5":{"loc":{"start":{"line":84,"column":15},"end":{"line":84,"column":44}},"type":"binary-expr","locations":[{"start":{"line":84,"column":15},"end":{"line":84,"column":21}},{"start":{"line":84,"column":25},"end":{"line":84,"column":44}}],"line":84},"6":{"loc":{"start":{"line":89,"column":22},"end":{"line":89,"column":64}},"type":"cond-expr","locations":[{"start":{"line":89,"column":33},"end":{"line":89,"column":47}},{"start":{"line":89,"column":50},"end":{"line":89,"column":64}}],"line":89},"7":{"loc":{"start":{"line":92,"column":24},"end":{"line":92,"column":66}},"type":"cond-expr","locations":[{"start":{"line":92,"column":35},"end":{"line":92,"column":49}},{"start":{"line":92,"column":52},"end":{"line":92,"column":66}}],"line":92},"8":{"loc":{"start":{"line":98,"column":46},"end":{"line":98,"column":65}},"type":"binary-expr","locations":[{"start":{"line":98,"column":46},"end":{"line":98,"column":53}},{"start":{"line":98,"column":57},"end":{"line":98,"column":65}}],"line":98},"9":{"loc":{"start":{"line":102,"column":22},"end":{"line":102,"column":51}},"type":"binary-expr","locations":[{"start":{"line":102,"column":22},"end":{"line":102,"column":34}},{"start":{"line":102,"column":38},"end":{"line":102,"column":51}}],"line":102},"10":{"loc":{"start":{"line":132,"column":14},"end":{"line":146,"column":13}},"type":"binary-expr","locations":[{"start":{"line":132,"column":14},"end":{"line":132,"column":30}},{"start":{"line":133,"column":14},"end":{"line":145,"column":20}}],"line":132},"11":{"loc":{"start":{"line":164,"column":32},"end":{"line":164,"column":55}},"type":"binary-expr","locations":[{"start":{"line":164,"column":32},"end":{"line":164,"column":41}},{"start":{"line":164,"column":45},"end":{"line":164,"column":55}}],"line":164},"12":{"loc":{"start":{"line":165,"column":32},"end":{"line":165,"column":53}},"type":"binary-expr","locations":[{"start":{"line":165,"column":32},"end":{"line":165,"column":40}},{"start":{"line":165,"column":44},"end":{"line":165,"column":53}}],"line":165},"13":{"loc":{"start":{"line":171,"column":28},"end":{"line":171,"column":49}},"type":"binary-expr","locations":[{"start":{"line":171,"column":28},"end":{"line":171,"column":36}},{"start":{"line":171,"column":40},"end":{"line":171,"column":49}}],"line":171},"14":{"loc":{"start":{"line":179,"column":14},"end":{"line":192,"column":13}},"type":"binary-expr","locations":[{"start":{"line":179,"column":14},"end":{"line":179,"column":19}},{"start":{"line":180,"column":14},"end":{"line":191,"column":20}}],"line":179},"15":{"loc":{"start":{"line":189,"column":20},"end":{"line":189,"column":67}},"type":"cond-expr","locations":[{"start":{"line":189,"column":33},"end":{"line":189,"column":50}},{"start":{"line":189,"column":53},"end":{"line":189,"column":67}}],"line":189}},"s":{"0":10,"1":42,"2":42,"3":42,"4":42,"5":42,"6":42,"7":42,"8":42,"9":11,"10":42,"11":21,"12":42,"13":15,"14":42,"15":1,"16":42,"17":1,"18":1,"19":42,"20":3,"21":3,"22":42,"23":42,"24":46,"25":63,"26":126},"f":{"0":42,"1":11,"2":21,"3":15,"4":1,"5":1,"6":3,"7":42,"8":46,"9":63,"10":126},"b":{"0":[36],"1":[21],"2":[27],"3":[42,27,21],"4":[21,6],"5":[21,2],"6":[5,16],"7":[5,16],"8":[21,6],"9":[21,6],"10":[21,15],"11":[126,90],"12":[126,90],"13":[126,90],"14":[21,21],"15":[1,20]},"_coverageSchema":"1a1c01bbd47fc00a2c39e90264f33305004495a9","hash":"ee636d2d4f1769d85a441d091c30eb5ffe6dd1df"}
,"/home/mimi/trybe/projetos/sd-026-b-project-recipes-app/src/pages/RecipeInProgress.jsx": {"path":"/home/mimi/trybe/projetos/sd-026-b-project-recipes-app/src/pages/RecipeInProgress.jsx","statementMap":{"0":{"start":{"line":14,"column":18},"end":{"line":14,"column":30}},"1":{"start":{"line":15,"column":19},"end":{"line":15,"column":32}},"2":{"start":{"line":16,"column":13},"end":{"line":16,"column":44}},"3":{"start":{"line":17,"column":15},"end":{"line":17,"column":46}},"4":{"start":{"line":18,"column":30},"end":{"line":18,"column":45}},"5":{"start":{"line":19,"column":29},"end":{"line":19,"column":42}},"6":{"start":{"line":20,"column":38},"end":{"line":20,"column":53}},"7":{"start":{"line":30,"column":6},"end":{"line":30,"column":32}},"8":{"start":{"line":32,"column":38},"end":{"line":32,"column":60}},"9":{"start":{"line":34,"column":2},"end":{"line":36,"column":30}},"10":{"start":{"line":35,"column":4},"end":{"line":35,"column":26}},"11":{"start":{"line":38,"column":2},"end":{"line":40,"column":34}},"12":{"start":{"line":39,"column":4},"end":{"line":39,"column":24}},"13":{"start":{"line":42,"column":32},"end":{"line":65,"column":24}},"14":{"start":{"line":52,"column":8},"end":{"line":52,"column":17}},"15":{"start":{"line":54,"column":4},"end":{"line":64,"column":6}},"16":{"start":{"line":67,"column":22},"end":{"line":72,"column":38}},"17":{"start":{"line":68,"column":14},"end":{"line":68,"column":69}},"18":{"start":{"line":69,"column":4},"end":{"line":69,"column":89}},"19":{"start":{"line":70,"column":4},"end":{"line":70,"column":57}},"20":{"start":{"line":71,"column":4},"end":{"line":71,"column":34}},"21":{"start":{"line":74,"column":22},"end":{"line":79,"column":15}},"22":{"start":{"line":75,"column":17},"end":{"line":75,"column":70}},"23":{"start":{"line":76,"column":4},"end":{"line":76,"column":41}},"24":{"start":{"line":78,"column":4},"end":{"line":78,"column":20}},"25":{"start":{"line":81,"column":25},"end":{"line":85,"column":40}},"26":{"start":{"line":82,"column":4},"end":{"line":82,"column":27}},"27":{"start":{"line":84,"column":4},"end":{"line":84,"column":30}},"28":{"start":{"line":87,"column":26},"end":{"line":96,"column":3}},"29":{"start":{"line":88,"column":14},"end":{"line":88,"column":75}},"30":{"start":{"line":90,"column":4},"end":{"line":90,"column":31}},"31":{"start":{"line":90,"column":18},"end":{"line":90,"column":31}},"32":{"start":{"line":91,"column":4},"end":{"line":93,"column":43}},"33":{"start":{"line":92,"column":31},"end":{"line":92,"column":38}},"34":{"start":{"line":93,"column":31},"end":{"line":93,"column":41}},"35":{"start":{"line":95,"column":4},"end":{"line":95,"column":65}},"36":{"start":{"line":98,"column":23},"end":{"line":109,"column":3}},"37":{"start":{"line":99,"column":27},"end":{"line":104,"column":20}},"38":{"start":{"line":99,"column":60},"end":{"line":104,"column":18}},"39":{"start":{"line":106,"column":4},"end":{"line":106,"column":35}},"40":{"start":{"line":108,"column":4},"end":{"line":108,"column":36}},"41":{"start":{"line":111,"column":2},"end":{"line":115,"column":20}},"42":{"start":{"line":112,"column":28},"end":{"line":112,"column":72}},"43":{"start":{"line":112,"column":64},"end":{"line":112,"column":71}},"44":{"start":{"line":114,"column":4},"end":{"line":114,"column":65}},"45":{"start":{"line":117,"column":2},"end":{"line":227,"column":4}},"46":{"start":{"line":130,"column":8},"end":{"line":224,"column":9}},"47":{"start":{"line":172,"column":18},"end":{"line":193,"column":35}},"48":{"start":{"line":188,"column":41},"end":{"line":188,"column":62}}},"fnMap":{"0":{"name":"RecipeInProgress","decl":{"start":{"line":13,"column":9},"end":{"line":13,"column":25}},"loc":{"start":{"line":13,"column":28},"end":{"line":228,"column":1}},"line":13},"1":{"name":"(anonymous_1)","decl":{"start":{"line":34,"column":12},"end":{"line":34,"column":13}},"loc":{"start":{"line":34,"column":18},"end":{"line":36,"column":3}},"line":34},"2":{"name":"(anonymous_2)","decl":{"start":{"line":38,"column":12},"end":{"line":38,"column":13}},"loc":{"start":{"line":38,"column":18},"end":{"line":40,"column":3}},"line":38},"3":{"name":"(anonymous_3)","decl":{"start":{"line":42,"column":44},"end":{"line":42,"column":45}},"loc":{"start":{"line":42,"column":50},"end":{"line":65,"column":3}},"line":42},"4":{"name":"(anonymous_4)","decl":{"start":{"line":67,"column":34},"end":{"line":67,"column":35}},"loc":{"start":{"line":67,"column":40},"end":{"line":72,"column":3}},"line":67},"5":{"name":"(anonymous_5)","decl":{"start":{"line":74,"column":34},"end":{"line":74,"column":35}},"loc":{"start":{"line":74,"column":40},"end":{"line":79,"column":3}},"line":74},"6":{"name":"(anonymous_6)","decl":{"start":{"line":81,"column":37},"end":{"line":81,"column":38}},"loc":{"start":{"line":81,"column":43},"end":{"line":85,"column":3}},"line":81},"7":{"name":"(anonymous_7)","decl":{"start":{"line":87,"column":26},"end":{"line":87,"column":27}},"loc":{"start":{"line":87,"column":37},"end":{"line":96,"column":3}},"line":87},"8":{"name":"(anonymous_8)","decl":{"start":{"line":92,"column":14},"end":{"line":92,"column":15}},"loc":{"start":{"line":92,"column":31},"end":{"line":92,"column":38}},"line":92},"9":{"name":"(anonymous_9)","decl":{"start":{"line":93,"column":11},"end":{"line":93,"column":12}},"loc":{"start":{"line":93,"column":31},"end":{"line":93,"column":41}},"line":93},"10":{"name":"(anonymous_10)","decl":{"start":{"line":98,"column":23},"end":{"line":98,"column":24}},"loc":{"start":{"line":98,"column":34},"end":{"line":109,"column":3}},"line":98},"11":{"name":"(anonymous_11)","decl":{"start":{"line":99,"column":43},"end":{"line":99,"column":44}},"loc":{"start":{"line":99,"column":60},"end":{"line":104,"column":18}},"line":99},"12":{"name":"(anonymous_12)","decl":{"start":{"line":111,"column":12},"end":{"line":111,"column":13}},"loc":{"start":{"line":111,"column":18},"end":{"line":115,"column":3}},"line":111},"13":{"name":"(anonymous_13)","decl":{"start":{"line":112,"column":47},"end":{"line":112,"column":48}},"loc":{"start":{"line":112,"column":64},"end":{"line":112,"column":71}},"line":112},"14":{"name":"(anonymous_14)","decl":{"start":{"line":119,"column":19},"end":{"line":119,"column":20}},"loc":{"start":{"line":130,"column":8},"end":{"line":224,"column":9}},"line":130},"15":{"name":"(anonymous_15)","decl":{"start":{"line":169,"column":34},"end":{"line":169,"column":35}},"loc":{"start":{"line":172,"column":18},"end":{"line":193,"column":35}},"line":172},"16":{"name":"(anonymous_16)","decl":{"start":{"line":188,"column":35},"end":{"line":188,"column":36}},"loc":{"start":{"line":188,"column":41},"end":{"line":188,"column":62}},"line":188}},"branchMap":{"0":{"loc":{"start":{"line":57,"column":19},"end":{"line":57,"column":32}},"type":"binary-expr","locations":[{"start":{"line":57,"column":19},"end":{"line":57,"column":26}},{"start":{"line":57,"column":30},"end":{"line":57,"column":32}}],"line":57},"1":{"loc":{"start":{"line":58,"column":16},"end":{"line":58,"column":33}},"type":"binary-expr","locations":[{"start":{"line":58,"column":16},"end":{"line":58,"column":27}},{"start":{"line":58,"column":31},"end":{"line":58,"column":33}}],"line":58},"2":{"loc":{"start":{"line":59,"column":22},"end":{"line":59,"column":40}},"type":"binary-expr","locations":[{"start":{"line":59,"column":22},"end":{"line":59,"column":34}},{"start":{"line":59,"column":38},"end":{"line":59,"column":40}}],"line":59},"3":{"loc":{"start":{"line":60,"column":12},"end":{"line":60,"column":31}},"type":"binary-expr","locations":[{"start":{"line":60,"column":12},"end":{"line":60,"column":19}},{"start":{"line":60,"column":23},"end":{"line":60,"column":31}}],"line":60},"4":{"loc":{"start":{"line":61,"column":13},"end":{"line":61,"column":42}},"type":"binary-expr","locations":[{"start":{"line":61,"column":13},"end":{"line":61,"column":25}},{"start":{"line":61,"column":29},"end":{"line":61,"column":42}}],"line":61},"5":{"loc":{"start":{"line":63,"column":12},"end":{"line":63,"column":45}},"type":"cond-expr","locations":[{"start":{"line":63,"column":22},"end":{"line":63,"column":40}},{"start":{"line":63,"column":43},"end":{"line":63,"column":45}}],"line":63},"6":{"loc":{"start":{"line":68,"column":25},"end":{"line":68,"column":68}},"type":"binary-expr","locations":[{"start":{"line":68,"column":25},"end":{"line":68,"column":60}},{"start":{"line":68,"column":64},"end":{"line":68,"column":68}}],"line":68},"7":{"loc":{"start":{"line":88,"column":25},"end":{"line":88,"column":74}},"type":"binary-expr","locations":[{"start":{"line":88,"column":25},"end":{"line":88,"column":66}},{"start":{"line":88,"column":70},"end":{"line":88,"column":74}}],"line":88},"8":{"loc":{"start":{"line":90,"column":4},"end":{"line":90,"column":31}},"type":"if","locations":[{"start":{"line":90,"column":4},"end":{"line":90,"column":31}},{"start":{},"end":{}}],"line":90},"9":{"loc":{"start":{"line":99,"column":60},"end":{"line":104,"column":18}},"type":"cond-expr","locations":[{"start":{"line":100,"column":9},"end":{"line":103,"column":7}},{"start":{"line":104,"column":8},"end":{"line":104,"column":18}}],"line":99},"10":{"loc":{"start":{"line":124,"column":8},"end":{"line":124,"column":25}},"type":"default-arg","locations":[{"start":{"line":124,"column":23},"end":{"line":124,"column":25}}],"line":124},"11":{"loc":{"start":{"line":125,"column":8},"end":{"line":125,"column":28}},"type":"default-arg","locations":[{"start":{"line":125,"column":26},"end":{"line":125,"column":28}}],"line":125},"12":{"loc":{"start":{"line":130,"column":8},"end":{"line":224,"column":9}},"type":"binary-expr","locations":[{"start":{"line":130,"column":9},"end":{"line":130,"column":15}},{"start":{"line":130,"column":19},"end":{"line":130,"column":26}},{"start":{"line":131,"column":10},"end":{"line":223,"column":22}}],"line":130},"13":{"loc":{"start":{"line":131,"column":30},"end":{"line":131,"column":47}},"type":"binary-expr","locations":[{"start":{"line":131,"column":30},"end":{"line":131,"column":36}},{"start":{"line":131,"column":40},"end":{"line":131,"column":47}}],"line":131},"14":{"loc":{"start":{"line":141,"column":16},"end":{"line":141,"column":45}},"type":"binary-expr","locations":[{"start":{"line":141,"column":16},"end":{"line":141,"column":22}},{"start":{"line":141,"column":26},"end":{"line":141,"column":45}}],"line":141},"15":{"loc":{"start":{"line":146,"column":22},"end":{"line":146,"column":64}},"type":"cond-expr","locations":[{"start":{"line":146,"column":33},"end":{"line":146,"column":47}},{"start":{"line":146,"column":50},"end":{"line":146,"column":64}}],"line":146},"16":{"loc":{"start":{"line":149,"column":24},"end":{"line":149,"column":66}},"type":"cond-expr","locations":[{"start":{"line":149,"column":35},"end":{"line":149,"column":49}},{"start":{"line":149,"column":52},"end":{"line":149,"column":66}}],"line":149},"17":{"loc":{"start":{"line":155,"column":46},"end":{"line":155,"column":65}},"type":"binary-expr","locations":[{"start":{"line":155,"column":46},"end":{"line":155,"column":53}},{"start":{"line":155,"column":57},"end":{"line":155,"column":65}}],"line":155},"18":{"loc":{"start":{"line":159,"column":22},"end":{"line":159,"column":51}},"type":"binary-expr","locations":[{"start":{"line":159,"column":22},"end":{"line":159,"column":34}},{"start":{"line":159,"column":38},"end":{"line":159,"column":51}}],"line":159},"19":{"loc":{"start":{"line":180,"column":34},"end":{"line":182,"column":28}},"type":"cond-expr","locations":[{"start":{"line":181,"column":26},"end":{"line":181,"column":50}},{"start":{"line":182,"column":26},"end":{"line":182,"column":28}}],"line":180}},"s":{"0":87,"1":87,"2":87,"3":87,"4":87,"5":87,"6":87,"7":87,"8":87,"9":87,"10":11,"11":87,"12":19,"13":87,"14":2,"15":2,"16":87,"17":2,"18":2,"19":2,"20":2,"21":87,"22":1,"23":1,"24":1,"25":87,"26":3,"27":3,"28":87,"29":11,"30":11,"31":2,"32":11,"33":73,"34":42,"35":11,"36":87,"37":11,"38":73,"39":11,"40":11,"41":87,"42":39,"43":119,"44":39,"45":87,"46":87,"47":227,"48":11},"f":{"0":87,"1":11,"2":19,"3":2,"4":2,"5":1,"6":3,"7":11,"8":73,"9":42,"10":11,"11":73,"12":39,"13":119,"14":87,"15":227,"16":11},"b":{"0":[2,1],"1":[2,0],"2":[2,1],"3":[2,1],"4":[2,1],"5":[1,1],"6":[2,2],"7":[11,2],"8":[2,9],"9":[11,62],"10":[74],"11":[40],"12":[87,53,47],"13":[47,13],"14":[47,3],"15":[7,40],"16":[7,40],"17":[47,13],"18":[47,13],"19":[84,143]},"_coverageSchema":"1a1c01bbd47fc00a2c39e90264f33305004495a9","hash":"f7d776244263fac3d90c4b50d4ed86c9a1d4a849"}
,"/home/mimi/trybe/projetos/sd-026-b-project-recipes-app/src/pages/Recipes.jsx": {"path":"/home/mimi/trybe/projetos/sd-026-b-project-recipes-app/src/pages/Recipes.jsx","statementMap":{"0":{"start":{"line":9,"column":51},"end":{"line":9,"column":73}},"1":{"start":{"line":10,"column":19},"end":{"line":10,"column":32}},"2":{"start":{"line":11,"column":18},"end":{"line":11,"column":30}},"3":{"start":{"line":13,"column":19},"end":{"line":20,"column":25}},"4":{"start":{"line":14,"column":4},"end":{"line":19,"column":5}},"5":{"start":{"line":16,"column":6},"end":{"line":16,"column":20}},"6":{"start":{"line":18,"column":6},"end":{"line":18,"column":24}},"7":{"start":{"line":22,"column":2},"end":{"line":30,"column":51}},"8":{"start":{"line":24,"column":19},"end":{"line":24,"column":58}},"9":{"start":{"line":25,"column":19},"end":{"line":25,"column":53}},"10":{"start":{"line":26,"column":24},"end":{"line":26,"column":55}},"11":{"start":{"line":27,"column":6},"end":{"line":27,"column":37}},"12":{"start":{"line":29,"column":4},"end":{"line":29,"column":24}},"13":{"start":{"line":32,"column":21},"end":{"line":53,"column":15}},"14":{"start":{"line":33,"column":4},"end":{"line":52,"column":11}},"15":{"start":{"line":38,"column":24},"end":{"line":38,"column":76}},"16":{"start":{"line":55,"column":27},"end":{"line":55,"column":29}},"17":{"start":{"line":57,"column":21},"end":{"line":61,"column":30}},"18":{"start":{"line":58,"column":4},"end":{"line":60,"column":6}},"19":{"start":{"line":59,"column":6},"end":{"line":59,"column":51}},"20":{"start":{"line":63,"column":2},"end":{"line":76,"column":4}}},"fnMap":{"0":{"name":"Recipes","decl":{"start":{"line":8,"column":9},"end":{"line":8,"column":16}},"loc":{"start":{"line":8,"column":19},"end":{"line":77,"column":1}},"line":8},"1":{"name":"(anonymous_1)","decl":{"start":{"line":13,"column":31},"end":{"line":13,"column":32}},"loc":{"start":{"line":13,"column":37},"end":{"line":20,"column":3}},"line":13},"2":{"name":"(anonymous_2)","decl":{"start":{"line":22,"column":12},"end":{"line":22,"column":13}},"loc":{"start":{"line":22,"column":18},"end":{"line":30,"column":3}},"line":22},"3":{"name":"setDefaultRecipes","decl":{"start":{"line":23,"column":19},"end":{"line":23,"column":36}},"loc":{"start":{"line":23,"column":39},"end":{"line":28,"column":5}},"line":23},"4":{"name":"(anonymous_4)","decl":{"start":{"line":32,"column":33},"end":{"line":32,"column":34}},"loc":{"start":{"line":33,"column":4},"end":{"line":52,"column":11}},"line":33},"5":{"name":"(anonymous_5)","decl":{"start":{"line":38,"column":16},"end":{"line":38,"column":17}},"loc":{"start":{"line":38,"column":22},"end":{"line":38,"column":78}},"line":38},"6":{"name":"(anonymous_6)","decl":{"start":{"line":57,"column":33},"end":{"line":57,"column":34}},"loc":{"start":{"line":58,"column":4},"end":{"line":60,"column":6}},"line":58},"7":{"name":"(anonymous_7)","decl":{"start":{"line":58,"column":46},"end":{"line":58,"column":47}},"loc":{"start":{"line":59,"column":6},"end":{"line":59,"column":51}},"line":59}},"branchMap":{"0":{"loc":{"start":{"line":14,"column":4},"end":{"line":19,"column":5}},"type":"switch","locations":[{"start":{"line":15,"column":4},"end":{"line":16,"column":20}},{"start":{"line":17,"column":4},"end":{"line":18,"column":24}}],"line":14},"1":{"loc":{"start":{"line":38,"column":40},"end":{"line":38,"column":65}},"type":"cond-expr","locations":[{"start":{"line":38,"column":49},"end":{"line":38,"column":55}},{"start":{"line":38,"column":58},"end":{"line":38,"column":65}}],"line":38}},"s":{"0":26,"1":23,"2":23,"3":23,"4":17,"5":12,"6":5,"7":23,"8":17,"9":10,"10":10,"11":10,"12":17,"13":23,"14":16,"15":2,"16":23,"17":23,"18":23,"19":16,"20":23},"f":{"0":26,"1":17,"2":17,"3":17,"4":16,"5":2,"6":23,"7":16},"b":{"0":[12,5],"1":[1,1]},"_coverageSchema":"1a1c01bbd47fc00a2c39e90264f33305004495a9","hash":"7487180eaf156375516a76d9848c9a98f782637d"}
}
