{"total": {"lines":{"total":330,"covered":313,"skipped":0,"pct":94.84},"statements":{"total":347,"covered":328,"skipped":0,"pct":94.52},"functions":{"total":103,"covered":94,"skipped":0,"pct":91.26},"branches":{"total":162,"covered":152,"skipped":0,"pct":93.82},"branchesTrue":{"total":0,"covered":0,"skipped":0,"pct":100}}
,"/home/mimi/trybe/projetos/sd-026-b-project-recipes-app/src/App.js": {"lines":{"total":1,"covered":1,"skipped":0,"pct":100},"functions":{"total":1,"covered":1,"skipped":0,"pct":100},"statements":{"total":1,"covered":1,"skipped":0,"pct":100},"branches":{"total":0,"covered":0,"skipped":0,"pct":100}}
,"/home/mimi/trybe/projetos/sd-026-b-project-recipes-app/src/components/CardDoneRecipe.jsx": {"lines":{"total":28,"covered":19,"skipped":0,"pct":67.85},"functions":{"total":7,"covered":4,"skipped":0,"pct":57.14},"statements":{"total":29,"covered":19,"skipped":0,"pct":65.51},"branches":{"total":23,"covered":16,"skipped":0,"pct":69.56}}
,"/home/mimi/trybe/projetos/sd-026-b-project-recipes-app/src/components/Categories.jsx": {"lines":{"total":31,"covered":31,"skipped":0,"pct":100},"functions":{"total":7,"covered":7,"skipped":0,"pct":100},"statements":{"total":32,"covered":32,"skipped":0,"pct":100},"branches":{"total":8,"covered":8,"skipped":0,"pct":100}}
,"/home/mimi/trybe/projetos/sd-026-b-project-recipes-app/src/components/Footer.jsx": {"lines":{"total":5,"covered":5,"skipped":0,"pct":100},"functions":{"total":2,"covered":2,"skipped":0,"pct":100},"statements":{"total":5,"covered":5,"skipped":0,"pct":100},"branches":{"total":2,"covered":2,"skipped":0,"pct":100}}
,"/home/mimi/trybe/projetos/sd-026-b-project-recipes-app/src/components/Header.jsx": {"lines":{"total":7,"covered":7,"skipped":0,"pct":100},"functions":{"total":3,"covered":3,"skipped":0,"pct":100},"statements":{"total":7,"covered":7,"skipped":0,"pct":100},"branches":{"total":6,"covered":6,"skipped":0,"pct":100}}
,"/home/mimi/trybe/projetos/sd-026-b-project-recipes-app/src/components/SearchBar.jsx": {"lines":{"total":26,"covered":26,"skipped":0,"pct":100},"functions":{"total":5,"covered":5,"skipped":0,"pct":100},"statements":{"total":26,"covered":26,"skipped":0,"pct":100},"branches":{"total":14,"covered":14,"skipped":0,"pct":100}}
,"/home/mimi/trybe/projetos/sd-026-b-project-recipes-app/src/context/AppProvider.js": {"lines":{"total":18,"covered":12,"skipped":0,"pct":66.66},"functions":{"total":6,"covered":2,"skipped":0,"pct":33.33},"statements":{"total":20,"covered":13,"skipped":0,"pct":65},"branches":{"total":0,"covered":0,"skipped":0,"pct":100}}
,"/home/mimi/trybe/projetos/sd-026-b-project-recipes-app/src/context/AuthProvider.js": {"lines":{"total":14,"covered":14,"skipped":0,"pct":100},"functions":{"total":4,"covered":4,"skipped":0,"pct":100},"statements":{"total":15,"covered":15,"skipped":0,"pct":100},"branches":{"total":2,"covered":2,"skipped":0,"pct":100}}
,"/home/mimi/trybe/projetos/sd-026-b-project-recipes-app/src/context/RecipesProvider.js": {"lines":{"total":65,"covered":63,"skipped":0,"pct":96.92},"functions":{"total":21,"covered":19,"skipped":0,"pct":90.47},"statements":{"total":72,"covered":70,"skipped":0,"pct":97.22},"branches":{"total":28,"covered":27,"skipped":0,"pct":96.42}}
,"/home/mimi/trybe/projetos/sd-026-b-project-recipes-app/src/helper/cleanDataAttributes.js": {"lines":{"total":18,"covered":18,"skipped":0,"pct":100},"functions":{"total":2,"covered":2,"skipped":0,"pct":100},"statements":{"total":18,"covered":18,"skipped":0,"pct":100},"branches":{"total":4,"covered":4,"skipped":0,"pct":100}}
,"/home/mimi/trybe/projetos/sd-026-b-project-recipes-app/src/pages/DoneRecipes.jsx": {"lines":{"total":2,"covered":2,"skipped":0,"pct":100},"functions":{"total":1,"covered":1,"skipped":0,"pct":100},"statements":{"total":2,"covered":2,"skipped":0,"pct":100},"branches":{"total":0,"covered":0,"skipped":0,"pct":100}}
,"/home/mimi/trybe/projetos/sd-026-b-project-recipes-app/src/pages/FavoriteRecipes.jsx": {"lines":{"total":2,"covered":2,"skipped":0,"pct":100},"functions":{"total":1,"covered":1,"skipped":0,"pct":100},"statements":{"total":2,"covered":2,"skipped":0,"pct":100},"branches":{"total":0,"covered":0,"skipped":0,"pct":100}}
,"/home/mimi/trybe/projetos/sd-026-b-project-recipes-app/src/pages/Login.jsx": {"lines":{"total":12,"covered":12,"skipped":0,"pct":100},"functions":{"total":4,"covered":4,"skipped":0,"pct":100},"statements":{"total":12,"covered":12,"skipped":0,"pct":100},"branches":{"total":0,"covered":0,"skipped":0,"pct":100}}
,"/home/mimi/trybe/projetos/sd-026-b-project-recipes-app/src/pages/Profile.jsx": {"lines":{"total":10,"covered":10,"skipped":0,"pct":100},"functions":{"total":3,"covered":3,"skipped":0,"pct":100},"statements":{"total":11,"covered":11,"skipped":0,"pct":100},"branches":{"total":2,"covered":2,"skipped":0,"pct":100}}
,"/home/mimi/trybe/projetos/sd-026-b-project-recipes-app/src/pages/RecipeDetails.jsx": {"lines":{"total":26,"covered":26,"skipped":0,"pct":100},"functions":{"total":11,"covered":11,"skipped":0,"pct":100},"statements":{"total":27,"covered":27,"skipped":0,"pct":100},"branches":{"total":30,"covered":29,"skipped":0,"pct":96.66}}
,"/home/mimi/trybe/projetos/sd-026-b-project-recipes-app/src/pages/RecipeInProgress.jsx": {"lines":{"total":44,"covered":44,"skipped":0,"pct":100},"functions":{"total":17,"covered":17,"skipped":0,"pct":100},"statements":{"total":47,"covered":47,"skipped":0,"pct":100},"branches":{"total":39,"covered":38,"skipped":0,"pct":97.43}}
,"/home/mimi/trybe/projetos/sd-026-b-project-recipes-app/src/pages/Recipes.jsx": {"lines":{"total":21,"covered":21,"skipped":0,"pct":100},"functions":{"total":8,"covered":8,"skipped":0,"pct":100},"statements":{"total":21,"covered":21,"skipped":0,"pct":100},"branches":{"total":4,"covered":4,"skipped":0,"pct":100}}
}
