TN:
SF:src/App.js
FN:18,App
FNF:1
FNH:1
FNDA:48,App
DA:19,48
LF:1
LH:1
BRF:0
BRH:0
end_of_record
TN:
SF:src/components/CardDoneRecipe.jsx
FN:10,CardDoneRecipe
FN:23,(anonymous_1)
FN:36,(anonymous_2)
FN:39,(anonymous_3)
FN:40,(anonymous_4)
FN:48,(anonymous_5)
FN:60,(anonymous_6)
FN:100,(anonymous_7)
FNF:8
FNH:5
FNDA:14,CardDoneRecipe
FNDA:7,(anonymous_1)
FNDA:7,(anonymous_2)
FNDA:0,(anonymous_3)
FNDA:0,(anonymous_4)
FNDA:0,(anonymous_5)
FNDA:4,(anonymous_6)
FNDA:6,(anonymous_7)
DA:11,14
DA:12,14
DA:13,14
DA:18,14
DA:20,14
DA:21,14
DA:23,14
DA:24,7
DA:26,5
DA:27,5
DA:29,2
DA:30,2
DA:32,0
DA:36,14
DA:37,7
DA:38,7
DA:39,0
DA:40,0
DA:42,7
DA:43,0
DA:44,0
DA:48,14
DA:49,0
DA:50,0
DA:51,0
DA:52,0
DA:55,14
DA:61,4
DA:101,6
DA:151,10
LF:30
LH:21
BRDA:24,0,0,5
BRDA:24,0,1,2
BRDA:24,0,2,0
BRDA:38,1,0,0
BRDA:38,1,1,7
BRDA:38,2,0,7
BRDA:38,2,1,0
BRDA:42,3,0,0
BRDA:42,3,1,7
BRDA:42,4,0,7
BRDA:42,4,1,0
BRDA:60,5,0,14
BRDA:60,5,1,10
BRDA:85,6,0,4
BRDA:85,6,1,2
BRDA:86,7,0,4
BRDA:86,7,1,2
BRDA:100,8,0,4
BRDA:100,8,1,4
BRDA:115,9,0,0
BRDA:115,9,1,4
BRDA:127,10,0,4
BRDA:127,10,1,0
BRF:23
BRH:16
end_of_record
TN:
SF:src/components/Categories.jsx
FN:7,Categories
FN:13,(anonymous_1)
FN:22,(anonymous_2)
FN:37,(anonymous_3)
FN:38,(anonymous_4)
FN:58,(anonymous_5)
FN:64,(anonymous_6)
FNF:7
FNH:7
FNDA:29,Categories
FNDA:25,(anonymous_1)
FNDA:2,(anonymous_2)
FNDA:23,(anonymous_3)
FNDA:23,(anonymous_4)
FNDA:28,(anonymous_5)
FNDA:2,(anonymous_6)
DA:8,29
DA:9,26
DA:10,26
DA:11,26
DA:13,26
DA:14,25
DA:16,7
DA:18,18
DA:22,26
DA:23,2
DA:25,2
DA:26,1
DA:27,1
DA:29,1
DA:31,2
DA:32,2
DA:33,2
DA:34,2
DA:37,26
DA:38,23
DA:39,23
DA:40,16
DA:41,16
DA:42,14
DA:43,14
DA:44,14
DA:45,14
DA:47,23
DA:50,26
DA:59,28
DA:64,2
LF:31
LH:31
BRDA:14,0,0,7
BRDA:14,0,1,18
BRDA:25,1,0,1
BRDA:25,1,1,1
BRDA:25,2,0,2
BRDA:25,2,1,1
BRDA:41,3,0,2
BRDA:41,3,1,14
BRF:8
BRH:8
end_of_record
TN:
SF:src/components/Footer.jsx
FN:9,Footer
FN:13,(anonymous_1)
FNF:2
FNH:2
FNDA:133,Footer
FNDA:100,(anonymous_1)
DA:10,133
DA:11,132
DA:13,132
DA:14,100
DA:17,132
LF:5
LH:5
BRDA:23,0,0,132
BRDA:23,0,1,50
BRF:2
BRH:2
end_of_record
TN:
SF:src/components/Header.jsx
FN:9,Header
FN:14,(anonymous_1)
FN:38,(anonymous_2)
FNF:3
FNH:3
FNDA:234,Header
FNDA:152,(anonymous_1)
FNDA:8,(anonymous_2)
DA:10,234
DA:11,232
DA:12,232
DA:14,232
DA:15,152
DA:18,232
DA:38,8
LF:7
LH:7
BRDA:20,0,0,232
BRDA:20,0,1,126
BRDA:35,1,0,126
BRDA:35,1,1,97
BRDA:65,2,0,232
BRDA:65,2,1,17
BRDA:65,2,2,17
BRDA:65,2,3,17
BRF:8
BRH:8
end_of_record
TN:
SF:src/components/SearchBar.jsx
FN:7,SearchBar
FN:14,(anonymous_1)
FN:18,(anonymous_2)
FN:27,(anonymous_3)
FN:62,(anonymous_4)
FNF:5
FNH:5
FNDA:18,SearchBar
FNDA:6,(anonymous_1)
FNDA:5,(anonymous_2)
FNDA:6,(anonymous_3)
FNDA:1,(anonymous_4)
DA:8,18
DA:9,18
DA:10,18
DA:11,18
DA:12,18
DA:14,18
DA:15,6
DA:18,18
DA:19,5
DA:21,2
DA:23,3
DA:27,18
DA:28,6
DA:29,1
DA:30,1
DA:33,5
DA:34,5
DA:35,5
DA:37,5
DA:38,3
DA:39,2
DA:40,1
DA:43,5
DA:45,5
DA:56,18
DA:62,1
LF:26
LH:26
BRDA:19,0,0,2
BRDA:19,0,1,3
BRDA:28,1,0,1
BRDA:28,1,1,5
BRDA:28,2,0,6
BRDA:28,2,1,1
BRDA:34,3,0,2
BRDA:34,3,1,3
BRDA:37,4,0,3
BRDA:37,4,1,2
BRDA:37,5,0,5
BRDA:37,5,1,5
BRDA:39,6,0,1
BRDA:39,6,1,1
BRF:14
BRH:14
end_of_record
TN:
SF:src/context/AppProvider.js
FN:6,AppProvider
FN:14,(anonymous_1)
FN:18,(anonymous_2)
FN:22,(anonymous_3)
FN:24,(anonymous_4)
FN:29,(anonymous_5)
FNF:6
FNH:4
FNDA:83,AppProvider
FNDA:2,(anonymous_1)
FNDA:6,(anonymous_2)
FNDA:0,(anonymous_3)
FNDA:0,(anonymous_4)
FNDA:83,(anonymous_5)
DA:7,83
DA:8,83
DA:10,83
DA:11,83
DA:12,83
DA:14,83
DA:15,2
DA:18,83
DA:19,6
DA:22,83
DA:23,0
DA:24,0
DA:25,0
DA:26,0
DA:29,83
DA:53,83
DA:60,10
DA:64,10
LF:18
LH:14
BRF:0
BRH:0
end_of_record
TN:
SF:src/context/AuthProvider.js
FN:4,AuthProvider
FN:7,(anonymous_1)
FN:16,(anonymous_2)
FN:21,(anonymous_3)
FNF:4
FNH:4
FNDA:48,AuthProvider
FNDA:72,(anonymous_1)
FNDA:1,(anonymous_2)
FNDA:46,(anonymous_3)
DA:5,48
DA:7,48
DA:8,72
DA:9,72
DA:11,72
DA:12,72
DA:13,72
DA:16,48
DA:17,1
DA:18,1
DA:21,48
DA:27,48
DA:32,10
DA:36,10
LF:14
LH:14
BRDA:13,0,0,72
BRDA:13,0,1,24
BRF:2
BRH:2
end_of_record
TN:
SF:src/context/RecipesProvider.js
FN:9,RecipesProvider
FN:21,(anonymous_1)
FN:26,(anonymous_2)
FN:27,(anonymous_3)
FN:28,(anonymous_4)
FN:29,(anonymous_5)
FN:31,(anonymous_6)
FN:35,(anonymous_7)
FN:52,(anonymous_8)
FN:55,(anonymous_9)
FN:62,(anonymous_10)
FN:63,(anonymous_11)
FN:72,(anonymous_12)
FN:77,(anonymous_13)
FN:80,(anonymous_14)
FN:91,(anonymous_15)
FN:92,(anonymous_16)
FN:97,(anonymous_17)
FN:98,(anonymous_18)
FN:105,(anonymous_19)
FN:116,(anonymous_20)
FNF:21
FNH:20
FNDA:133,RecipesProvider
FNDA:22,(anonymous_1)
FNDA:82,(anonymous_2)
FNDA:76,(anonymous_3)
FNDA:1872,(anonymous_4)
FNDA:660,(anonymous_5)
FNDA:38,(anonymous_6)
FNDA:114,(anonymous_7)
FNDA:8,(anonymous_8)
FNDA:0,(anonymous_9)
FNDA:64,(anonymous_10)
FNDA:64,(anonymous_11)
FNDA:80,(anonymous_12)
FNDA:12,(anonymous_13)
FNDA:40,(anonymous_14)
FNDA:7,(anonymous_15)
FNDA:4,(anonymous_16)
FNDA:64,(anonymous_17)
FNDA:64,(anonymous_18)
FNDA:120,(anonymous_19)
FNDA:113,(anonymous_20)
DA:4,10
DA:6,10
DA:7,10
DA:10,133
DA:12,133
DA:13,133
DA:14,133
DA:15,133
DA:16,133
DA:17,133
DA:18,133
DA:19,133
DA:21,133
DA:22,22
DA:23,22
DA:26,133
DA:27,82
DA:28,1872
DA:29,660
DA:31,82
DA:32,38
DA:33,38
DA:35,114
DA:42,82
DA:44,38
DA:46,38
DA:48,38
DA:50,38
DA:51,4
DA:52,8
DA:55,0
DA:59,38
DA:62,133
DA:63,64
DA:64,64
DA:65,20
DA:67,20
DA:69,64
DA:72,133
DA:73,80
DA:76,80
DA:77,12
DA:80,133
DA:81,40
DA:82,40
DA:84,40
DA:86,40
DA:88,40
DA:90,40
DA:91,7
DA:92,4
DA:94,40
DA:97,133
DA:98,64
DA:99,64
DA:100,20
DA:101,20
DA:103,20
DA:104,20
DA:105,120
DA:107,20
DA:113,64
DA:116,133
DA:130,133
DA:137,10
LF:65
LH:64
BRDA:37,0,0,0
BRDA:37,0,1,114
BRDA:42,1,0,44
BRDA:42,1,1,38
BRDA:44,2,0,38
BRDA:44,2,1,32
BRDA:46,3,0,32
BRDA:46,3,1,6
BRDA:50,4,0,4
BRDA:50,4,1,34
BRDA:64,5,0,44
BRDA:64,5,1,20
BRDA:65,6,0,7
BRDA:65,6,1,13
BRDA:67,7,0,7
BRDA:67,7,1,13
BRDA:74,8,0,80
BRDA:74,8,1,66
BRDA:82,9,0,40
BRDA:82,9,1,34
BRDA:89,10,0,40
BRDA:89,10,1,33
BRDA:99,11,0,44
BRDA:99,11,1,20
BRDA:100,12,0,7
BRDA:100,12,1,13
BRDA:101,13,0,7
BRDA:101,13,1,13
BRF:28
BRH:27
end_of_record
TN:
SF:src/helper/cleanDataAttributes.js
FN:1,cleanDataAttributes
FN:21,(anonymous_1)
FNF:2
FNH:2
FNDA:17,cleanDataAttributes
FNDA:32,(anonymous_1)
DA:2,17
DA:3,17
DA:4,17
DA:6,17
DA:7,10
DA:8,10
DA:9,10
DA:11,7
DA:12,7
DA:13,7
DA:16,17
DA:17,1
DA:18,1
DA:21,16
DA:22,32
DA:23,32
DA:24,32
DA:27,16
LF:18
LH:18
BRDA:6,0,0,10
BRDA:6,0,1,7
BRDA:16,1,0,1
BRDA:16,1,1,16
BRF:4
BRH:4
end_of_record
TN:
SF:src/pages/DoneRecipes.jsx
FN:6,DoneRecipes
FNF:1
FNH:1
FNDA:5,DoneRecipes
DA:7,5
DA:9,5
LF:2
LH:2
BRF:0
BRH:0
end_of_record
TN:
SF:src/pages/FavoriteRecipes.jsx
FN:6,FavoriteRecipes
FNF:1
FNH:1
FNDA:2,FavoriteRecipes
DA:7,2
DA:9,2
LF:2
LH:2
BRF:0
BRH:0
end_of_record
TN:
SF:src/pages/Login.jsx
FN:6,Login
FN:18,(anonymous_1)
FN:23,(anonymous_2)
FN:29,(anonymous_3)
FNF:4
FNH:4
FNDA:72,Login
FNDA:72,(anonymous_1)
FNDA:1,(anonymous_2)
FNDA:48,(anonymous_3)
DA:7,72
DA:16,72
DA:18,72
DA:19,72
DA:23,72
DA:24,1
DA:25,1
DA:26,1
DA:29,72
DA:30,48
DA:36,72
DA:77,10
LF:12
LH:12
BRF:0
BRH:0
end_of_record
TN:
SF:src/pages/Profile.jsx
FN:6,Profile
FN:9,(anonymous_1)
FN:15,(anonymous_2)
FNF:3
FNH:3
FNDA:9,Profile
FNDA:5,(anonymous_1)
FNDA:1,(anonymous_2)
DA:7,9
DA:9,9
DA:10,5
DA:11,4
DA:12,4
DA:15,9
DA:16,1
DA:17,1
DA:20,9
DA:61,10
LF:10
LH:10
BRDA:10,0,0,1
BRDA:10,0,1,4
BRF:2
BRH:2
end_of_record
TN:
SF:src/pages/RecipeDetails.jsx
FN:14,RecipeDetails
FN:33,(anonymous_1)
FN:37,(anonymous_2)
FN:41,(anonymous_3)
FN:43,(anonymous_4)
FN:47,(anonymous_5)
FN:53,(anonymous_6)
FN:61,(anonymous_7)
FN:108,(anonymous_8)
FN:149,(anonymous_9)
FN:151,(anonymous_10)
FNF:11
FNH:11
FNDA:42,RecipeDetails
FNDA:11,(anonymous_1)
FNDA:21,(anonymous_2)
FNDA:15,(anonymous_3)
FNDA:1,(anonymous_4)
FNDA:1,(anonymous_5)
FNDA:3,(anonymous_6)
FNDA:42,(anonymous_7)
FNDA:46,(anonymous_8)
FNDA:63,(anonymous_9)
FNDA:126,(anonymous_10)
DA:12,10
DA:15,42
DA:16,42
DA:17,42
DA:18,42
DA:19,42
DA:20,42
DA:31,42
DA:33,42
DA:34,11
DA:37,42
DA:38,21
DA:41,42
DA:43,42
DA:44,1
DA:47,42
DA:48,1
DA:50,1
DA:53,42
DA:54,3
DA:56,3
DA:59,42
DA:73,42
DA:109,46
DA:150,63
DA:158,126
LF:26
LH:26
BRDA:66,0,0,36
BRDA:67,1,0,21
BRDA:68,2,0,27
BRDA:73,3,0,42
BRDA:73,3,1,27
BRDA:73,3,2,21
BRDA:74,4,0,21
BRDA:74,4,1,6
BRDA:84,5,0,21
BRDA:84,5,1,2
BRDA:89,6,0,5
BRDA:89,6,1,16
BRDA:92,7,0,5
BRDA:92,7,1,16
BRDA:98,8,0,21
BRDA:98,8,1,6
BRDA:102,9,0,21
BRDA:102,9,1,6
BRDA:132,10,0,21
BRDA:132,10,1,15
BRDA:164,11,0,126
BRDA:164,11,1,90
BRDA:165,12,0,126
BRDA:165,12,1,90
BRDA:171,13,0,126
BRDA:171,13,1,90
BRDA:179,14,0,21
BRDA:179,14,1,21
BRDA:189,15,0,1
BRDA:189,15,1,20
BRF:30
BRH:30
end_of_record
TN:
SF:src/pages/RecipeInProgress.jsx
FN:13,RecipeInProgress
FN:34,(anonymous_1)
FN:38,(anonymous_2)
FN:42,(anonymous_3)
FN:67,(anonymous_4)
FN:74,(anonymous_5)
FN:81,(anonymous_6)
FN:87,(anonymous_7)
FN:92,(anonymous_8)
FN:93,(anonymous_9)
FN:98,(anonymous_10)
FN:99,(anonymous_11)
FN:111,(anonymous_12)
FN:112,(anonymous_13)
FN:119,(anonymous_14)
FN:169,(anonymous_15)
FN:188,(anonymous_16)
FNF:17
FNH:17
FNDA:87,RecipeInProgress
FNDA:11,(anonymous_1)
FNDA:19,(anonymous_2)
FNDA:2,(anonymous_3)
FNDA:2,(anonymous_4)
FNDA:1,(anonymous_5)
FNDA:3,(anonymous_6)
FNDA:11,(anonymous_7)
FNDA:73,(anonymous_8)
FNDA:42,(anonymous_9)
FNDA:11,(anonymous_10)
FNDA:73,(anonymous_11)
FNDA:39,(anonymous_12)
FNDA:119,(anonymous_13)
FNDA:87,(anonymous_14)
FNDA:227,(anonymous_15)
FNDA:11,(anonymous_16)
DA:14,87
DA:15,87
DA:16,87
DA:17,87
DA:18,87
DA:19,87
DA:20,87
DA:30,87
DA:32,87
DA:34,87
DA:35,11
DA:38,87
DA:39,19
DA:42,87
DA:52,2
DA:54,2
DA:67,87
DA:68,2
DA:69,2
DA:70,2
DA:71,2
DA:74,87
DA:75,1
DA:76,1
DA:78,1
DA:81,87
DA:82,3
DA:84,3
DA:87,87
DA:88,11
DA:90,11
DA:91,11
DA:92,73
DA:93,42
DA:95,11
DA:98,87
DA:99,73
DA:106,11
DA:108,11
DA:111,87
DA:112,119
DA:114,39
DA:117,87
DA:130,87
DA:172,227
DA:188,11
LF:46
LH:46
BRDA:57,0,0,2
BRDA:57,0,1,1
BRDA:58,1,0,2
BRDA:58,1,1,0
BRDA:59,2,0,2
BRDA:59,2,1,1
BRDA:60,3,0,2
BRDA:60,3,1,1
BRDA:61,4,0,2
BRDA:61,4,1,1
BRDA:63,5,0,1
BRDA:63,5,1,1
BRDA:68,6,0,2
BRDA:68,6,1,2
BRDA:88,7,0,11
BRDA:88,7,1,2
BRDA:90,8,0,2
BRDA:90,8,1,9
BRDA:99,9,0,11
BRDA:99,9,1,62
BRDA:124,10,0,74
BRDA:125,11,0,40
BRDA:130,12,0,87
BRDA:130,12,1,53
BRDA:130,12,2,47
BRDA:131,13,0,47
BRDA:131,13,1,13
BRDA:141,14,0,47
BRDA:141,14,1,3
BRDA:146,15,0,7
BRDA:146,15,1,40
BRDA:149,16,0,7
BRDA:149,16,1,40
BRDA:155,17,0,47
BRDA:155,17,1,13
BRDA:159,18,0,47
BRDA:159,18,1,13
BRDA:180,19,0,84
BRDA:180,19,1,143
BRF:39
BRH:38
end_of_record
TN:
SF:src/pages/Recipes.jsx
FN:8,Recipes
FN:13,(anonymous_1)
FN:22,(anonymous_2)
FN:23,setDefaultRecipes
FN:32,(anonymous_4)
FN:38,(anonymous_5)
FN:57,(anonymous_6)
FN:58,(anonymous_7)
FNF:8
FNH:8
FNDA:26,Recipes
FNDA:17,(anonymous_1)
FNDA:17,(anonymous_2)
FNDA:17,setDefaultRecipes
FNDA:16,(anonymous_4)
FNDA:2,(anonymous_5)
FNDA:23,(anonymous_6)
FNDA:16,(anonymous_7)
DA:9,26
DA:10,23
DA:11,23
DA:13,23
DA:14,17
DA:16,12
DA:18,5
DA:22,23
DA:24,17
DA:25,10
DA:26,10
DA:27,10
DA:29,17
DA:32,23
DA:33,16
DA:38,2
DA:55,23
DA:57,23
DA:58,23
DA:59,16
DA:63,23
LF:21
LH:21
BRDA:14,0,0,12
BRDA:14,0,1,5
BRDA:38,1,0,1
BRDA:38,1,1,1
BRF:4
BRH:4
end_of_record
